CMSIS_AGDI.DLL - CMSIS-DAP Driver Log

20:58:53:762 (23/10/2024) - WRITE DP  Access, Addr 0x00000008, Val 0x00000000, "DAP Write DP - Success" - ID 0
20:58:53:763 (23/10/2024) - WRITE DP  Access, Addr 0x00000004, Val 0x50000000, "DAP Write DP - Success" - ID 1
20:58:53:764 (23/10/2024) - READ  DP  Access, Addr 0x00000004, Val 0xF0000040, "DAP Read DP - Success" - ID 2
20:58:53:766 (23/10/2024) - WRITE DP  Access, Addr 0x00000000, Val 0x0000001E, "DAP Write DP - Success" - ID 3
20:58:53:767 (23/10/2024) - WRITE DP  Access, Addr 0x00000004, Val 0x50000F00, "DAP Write DP - Success" - ID 4
20:58:53:771 (23/10/2024) - READ  AP  Access, AP 0x00000000, Addr 0x000000FC, Val 0x14770011, "DAP Read AP - Success" - ID 5
20:58:53:771 (23/10/2024) - READ  AP  Access, AP 0x00000000, Addr 0x000000FC, Val 0x14770011, "SWD Read AP - Success" - ID 6
20:58:53:777 (23/10/2024) - WRITE AP  Access, AP 0x00000000, Addr 0x00000000, Val 0x23000052, "DAP Write AP - Success" - ID 7
20:58:53:779 (23/10/2024) - READ  AP  Access, AP 0x00000000, Addr 0x000000F8, Val 0xE00FF003, "DAP Read AP - Success" - ID 8
20:58:53:782 (23/10/2024) - READ  MEM BLOCK Access, AP 0x00000000, Start Addr 0xE00FFFE4, End Addr 0xE00FFFE7, "DAP Read Memory Block (32-bit accesses) - Success" - ID 9
  Item #0, AP 0, Addr 0xE00FFFE4, Value 0x00000004
20:58:53:786 (23/10/2024) - READ  MEM BLOCK Access, AP 0x00000000, Start Addr 0xE00FFFE8, End Addr 0xE00FFFEB, "DAP Read Memory Block (32-bit accesses) - Success" - ID 10
  Item #0, AP 0, Addr 0xE00FFFE8, Value 0x0000000A
20:58:53:788 (23/10/2024) - READ  AP  Access, AP 0x00000000, Addr 0x000000F8, Val 0xE00FF003, "DAP Read AP - Success" - ID 11
20:58:53:791 (23/10/2024) - READ  MEM BLOCK Access, AP 0x00000000, Start Addr 0xE00FFFF0, End Addr 0xE00FFFFF, "DAP Read Memory Block - Success" - ID 12
  Item #0, AP 0, Addr 0xE00FFFF0, Value 0x0000000D
  Item #1, AP 0, Addr 0xE00FFFF4, Value 0x00000010
  Item #2, AP 0, Addr 0xE00FFFF8, Value 0x00000005
  Item #3, AP 0, Addr 0xE00FFFFC, Value 0x000000B1
20:58:53:796 (23/10/2024) - READ  MEM BLOCK Access, AP 0x00000000, Start Addr 0xE00FFFD0, End Addr 0xE00FFFEF, "DAP Read Memory Block - Success" - ID 13
  Item #0, AP 0, Addr 0xE00FFFD0, Value 0x00000000
  Item #1, AP 0, Addr 0xE00FFFD4, Value 0x00000000
  Item #2, AP 0, Addr 0xE00FFFD8, Value 0x00000000
  Item #3, AP 0, Addr 0xE00FFFDC, Value 0x00000000
  Item #4, AP 0, Addr 0xE00FFFE0, Value 0x00000010
  Item #5, AP 0, Addr 0xE00FFFE4, Value 0x00000004
  Item #6, AP 0, Addr 0xE00FFFE8, Value 0x0000000A
  Item #7, AP 0, Addr 0xE00FFFEC, Value 0x00000000
20:58:53:796 (23/10/2024) - ROM TABLE: Detected Unknown ROM Table at address 0xE00FF000 (PID 0x00000000000A0410, CID 0xB105100D)
20:58:53:797 (23/10/2024) - READ  MEM Access, AP 0x00000000, Addr 0xE00FF000, Val 0xFFF0F003, "DAP Read Memory (32 bit) - Success" - ID 14
20:58:53:800 (23/10/2024) - READ  MEM BLOCK Access, AP 0x00000000, Start Addr 0xE000EFF0, End Addr 0xE000EFFF, "DAP Read Memory Block - Success" - ID 15
  Item #0, AP 0, Addr 0xE000EFF0, Value 0x0000000D
  Item #1, AP 0, Addr 0xE000EFF4, Value 0x000000E0
  Item #2, AP 0, Addr 0xE000EFF8, Value 0x00000005
  Item #3, AP 0, Addr 0xE000EFFC, Value 0x000000B1
20:58:53:803 (23/10/2024) - READ  MEM BLOCK Access, AP 0x00000000, Start Addr 0xE000EFD0, End Addr 0xE000EFEF, "DAP Read Memory Block - Success" - ID 16
  Item #0, AP 0, Addr 0xE000EFD0, Value 0x00000004
  Item #1, AP 0, Addr 0xE000EFD4, Value 0x00000000
  Item #2, AP 0, Addr 0xE000EFD8, Value 0x00000000
  Item #3, AP 0, Addr 0xE000EFDC, Value 0x00000000
  Item #4, AP 0, Addr 0xE000EFE0, Value 0x00000000
  Item #5, AP 0, Addr 0xE000EFE4, Value 0x000000B0
  Item #6, AP 0, Addr 0xE000EFE8, Value 0x0000001B
  Item #7, AP 0, Addr 0xE000EFEC, Value 0x00000000
20:58:53:804 (23/10/2024) - WRITE MEM Access, AP 0x00000000, Addr 0xE000EDFC, Val 0x01000000, "DAP Write Memory (32 bit) - Success" - ID 17
20:58:53:804 (23/10/2024) - ROM TABLE: Detected SCS (ARMv7-M) at address 0xE000E000 (PID 0x00000004001BB000, CID 0xB105E00D)
20:58:53:805 (23/10/2024) - READ  MEM Access, AP 0x00000000, Addr 0xE00FF004, Val 0xFFF02003, "DAP Read Memory (32 bit) - Success" - ID 18
20:58:53:809 (23/10/2024) - READ  MEM BLOCK Access, AP 0x00000000, Start Addr 0xE0001FF0, End Addr 0xE0001FFF, "DAP Read Memory Block - Success" - ID 19
  Item #0, AP 0, Addr 0xE0001FF0, Value 0x0000000D
  Item #1, AP 0, Addr 0xE0001FF4, Value 0x000000E0
  Item #2, AP 0, Addr 0xE0001FF8, Value 0x00000005
  Item #3, AP 0, Addr 0xE0001FFC, Value 0x000000B1
20:58:53:813 (23/10/2024) - READ  MEM BLOCK Access, AP 0x00000000, Start Addr 0xE0001FD0, End Addr 0xE0001FEF, "DAP Read Memory Block - Success" - ID 20
  Item #0, AP 0, Addr 0xE0001FD0, Value 0x00000004
  Item #1, AP 0, Addr 0xE0001FD4, Value 0x00000000
  Item #2, AP 0, Addr 0xE0001FD8, Value 0x00000000
  Item #3, AP 0, Addr 0xE0001FDC, Value 0x00000000
  Item #4, AP 0, Addr 0xE0001FE0, Value 0x00000002
  Item #5, AP 0, Addr 0xE0001FE4, Value 0x000000B0
  Item #6, AP 0, Addr 0xE0001FE8, Value 0x0000001B
  Item #7, AP 0, Addr 0xE0001FEC, Value 0x00000000
20:58:53:813 (23/10/2024) - ROM TABLE: Detected DWT (ARMv7-M) at address 0xE0001000 (PID 0x00000004001BB002, CID 0xB105E00D)
20:58:53:814 (23/10/2024) - READ  MEM Access, AP 0x00000000, Addr 0xE00FF008, Val 0xFFF03003, "DAP Read Memory (32 bit) - Success" - ID 21
20:58:53:816 (23/10/2024) - READ  MEM BLOCK Access, AP 0x00000000, Start Addr 0xE0002FF0, End Addr 0xE0002FFF, "DAP Read Memory Block - Success" - ID 22
  Item #0, AP 0, Addr 0xE0002FF0, Value 0x0000000D
  Item #1, AP 0, Addr 0xE0002FF4, Value 0x000000E0
  Item #2, AP 0, Addr 0xE0002FF8, Value 0x00000005
  Item #3, AP 0, Addr 0xE0002FFC, Value 0x000000B1
20:58:53:821 (23/10/2024) - READ  MEM BLOCK Access, AP 0x00000000, Start Addr 0xE0002FD0, End Addr 0xE0002FEF, "DAP Read Memory Block - Success" - ID 23
  Item #0, AP 0, Addr 0xE0002FD0, Value 0x00000004
  Item #1, AP 0, Addr 0xE0002FD4, Value 0x00000000
  Item #2, AP 0, Addr 0xE0002FD8, Value 0x00000000
  Item #3, AP 0, Addr 0xE0002FDC, Value 0x00000000
  Item #4, AP 0, Addr 0xE0002FE0, Value 0x00000003
  Item #5, AP 0, Addr 0xE0002FE4, Value 0x000000B0
  Item #6, AP 0, Addr 0xE0002FE8, Value 0x0000000B
  Item #7, AP 0, Addr 0xE0002FEC, Value 0x00000000
20:58:53:821 (23/10/2024) - ROM TABLE: Detected FPB (ARMv7-M) at address 0xE0002000 (PID 0x00000004000BB003, CID 0xB105E00D)
20:58:53:822 (23/10/2024) - READ  MEM Access, AP 0x00000000, Addr 0xE00FF00C, Val 0xFFF01003, "DAP Read Memory (32 bit) - Success" - ID 24
20:58:53:825 (23/10/2024) - READ  MEM BLOCK Access, AP 0x00000000, Start Addr 0xE0000FF0, End Addr 0xE0000FFF, "DAP Read Memory Block - Success" - ID 25
  Item #0, AP 0, Addr 0xE0000FF0, Value 0x0000000D
  Item #1, AP 0, Addr 0xE0000FF4, Value 0x000000E0
  Item #2, AP 0, Addr 0xE0000FF8, Value 0x00000005
  Item #3, AP 0, Addr 0xE0000FFC, Value 0x000000B1
20:58:53:828 (23/10/2024) - READ  MEM BLOCK Access, AP 0x00000000, Start Addr 0xE0000FD0, End Addr 0xE0000FEF, "DAP Read Memory Block - Success" - ID 26
  Item #0, AP 0, Addr 0xE0000FD0, Value 0x00000004
  Item #1, AP 0, Addr 0xE0000FD4, Value 0x00000000
  Item #2, AP 0, Addr 0xE0000FD8, Value 0x00000000
  Item #3, AP 0, Addr 0xE0000FDC, Value 0x00000000
  Item #4, AP 0, Addr 0xE0000FE0, Value 0x00000001
  Item #5, AP 0, Addr 0xE0000FE4, Value 0x000000B0
  Item #6, AP 0, Addr 0xE0000FE8, Value 0x0000001B
  Item #7, AP 0, Addr 0xE0000FEC, Value 0x00000000
20:58:53:828 (23/10/2024) - ROM TABLE: Detected ITM (ARMv7-M) at address 0xE0000000 (PID 0x00000004001BB001, CID 0xB105E00D)
20:58:53:829 (23/10/2024) - READ  MEM Access, AP 0x00000000, Addr 0xE00FF010, Val 0xFFF41003, "DAP Read Memory (32 bit) - Success" - ID 27
20:58:53:832 (23/10/2024) - READ  MEM BLOCK Access, AP 0x00000000, Start Addr 0xE0040FF0, End Addr 0xE0040FFF, "DAP Read Memory Block - Success" - ID 28
  Item #0, AP 0, Addr 0xE0040FF0, Value 0x0000000D
  Item #1, AP 0, Addr 0xE0040FF4, Value 0x00000090
  Item #2, AP 0, Addr 0xE0040FF8, Value 0x00000005
  Item #3, AP 0, Addr 0xE0040FFC, Value 0x000000B1
20:58:53:837 (23/10/2024) - READ  MEM BLOCK Access, AP 0x00000000, Start Addr 0xE0040FD0, End Addr 0xE0040FEF, "DAP Read Memory Block - Success" - ID 29
  Item #0, AP 0, Addr 0xE0040FD0, Value 0x00000004
  Item #1, AP 0, Addr 0xE0040FD4, Value 0x00000000
  Item #2, AP 0, Addr 0xE0040FD8, Value 0x00000000
  Item #3, AP 0, Addr 0xE0040FDC, Value 0x00000000
  Item #4, AP 0, Addr 0xE0040FE0, Value 0x00000023
  Item #5, AP 0, Addr 0xE0040FE4, Value 0x000000B9
  Item #6, AP 0, Addr 0xE0040FE8, Value 0x0000001B
  Item #7, AP 0, Addr 0xE0040FEC, Value 0x00000000
20:58:53:837 (23/10/2024) - ROM TABLE: Detected TPIU (Cortex-M3) at address 0xE0040000 (PID 0x00000004001BB923, CID 0xB105900D)
20:58:53:838 (23/10/2024) - READ  MEM Access, AP 0x00000000, Addr 0xE00FF014, Val 0xFFF42003, "DAP Read Memory (32 bit) - Success" - ID 30
20:58:53:841 (23/10/2024) - READ  MEM BLOCK Access, AP 0x00000000, Start Addr 0xE0041FF0, End Addr 0xE0041FFF, "DAP Read Memory Block - Success" - ID 31
  Item #0, AP 0, Addr 0xE0041FF0, Value 0x0000000D
  Item #1, AP 0, Addr 0xE0041FF4, Value 0x00000090
  Item #2, AP 0, Addr 0xE0041FF8, Value 0x00000005
  Item #3, AP 0, Addr 0xE0041FFC, Value 0x000000B1
20:58:53:845 (23/10/2024) - READ  MEM BLOCK Access, AP 0x00000000, Start Addr 0xE0041FD0, End Addr 0xE0041FEF, "DAP Read Memory Block - Success" - ID 32
  Item #0, AP 0, Addr 0xE0041FD0, Value 0x00000004
  Item #1, AP 0, Addr 0xE0041FD4, Value 0x00000000
  Item #2, AP 0, Addr 0xE0041FD8, Value 0x00000000
  Item #3, AP 0, Addr 0xE0041FDC, Value 0x00000000
  Item #4, AP 0, Addr 0xE0041FE0, Value 0x00000024
  Item #5, AP 0, Addr 0xE0041FE4, Value 0x000000B9
  Item #6, AP 0, Addr 0xE0041FE8, Value 0x0000001B
  Item #7, AP 0, Addr 0xE0041FEC, Value 0x00000010
20:58:53:845 (23/10/2024) - ROM TABLE: Detected ETM (Cortex-M3) at address 0xE0041000 (PID 0x00000004101BB924, CID 0xB105900D)
20:58:53:845 (23/10/2024) - READ  MEM Access, AP 0x00000000, Addr 0xE00FF018, Val 0x00000000, "DAP Read Memory (32 bit) - Success" - ID 33
20:58:53:846 (23/10/2024) - READ  MEM Access, AP 0x00000000, Addr 0xE000ED00, Val 0x411FC231, "DAP Read Memory (32 bit) - Success" - ID 34
20:58:53:847 (23/10/2024) - READ  DP  Access, Addr 0x00000004, Val 0xF0000F40, "DAP Read DP - Success" - ID 35
20:58:53:849 (23/10/2024) - WRITE MEM Access, AP 0x00000000, Addr 0xE000EDFC, Val 0x00000001, "DAP Write Memory (32 bit) - Success" - ID 36
20:58:53:850 (23/10/2024) - WRITE MEM Access, AP 0x00000000, Addr 0xE000EDF0, Val 0xA05F0003, "DAP Write Memory (32 bit) - Success" - ID 37
20:58:53:851 (23/10/2024) - WRITE MEM Access, AP 0x00000000, Addr 0xE000EDFC, Val 0x01000000, "DAP Write Memory (32 bit) - Success" - ID 38
20:58:53:851 (23/10/2024) - READ  MEM Access, AP 0x00000000, Addr 0xE0002000, Val 0x00000260, "DAP Read Memory (32 bit) - Success" - ID 39
20:58:53:852 (23/10/2024) - READ  MEM Access, AP 0x00000000, Addr 0xE0001000, Val 0x40000001, "DAP Read Memory (32 bit) - Success" - ID 40
20:58:53:853 (23/10/2024) - WRITE MEM Access, AP 0x00000000, Addr 0xE0001024, Val 0x0000001F, "DAP Write Memory (32 bit) - Success" - ID 41
20:58:53:855 (23/10/2024) - READ  MEM Access, AP 0x00000000, Addr 0xE0001024, Val 0x0000000F, "DAP Read Memory (32 bit) - Success" - ID 42
20:58:53:856 (23/10/2024) - WRITE MEM Access, AP 0x00000000, Addr 0xE0001024, Val 0x00000000, "DAP Write Memory (32 bit) - Success" - ID 43
20:58:53:856 (23/10/2024) - WRITE MEM Access, AP 0x00000000, Addr 0xE0001028, Val 0x00000100, "DAP Write Memory (32 bit) - Success" - ID 44
20:58:53:857 (23/10/2024) - READ  MEM Access, AP 0x00000000, Addr 0xE0001028, Val 0x00000000, "DAP Read Memory (32 bit) - Success" - ID 45
20:58:53:858 (23/10/2024) - WRITE MEM Access, AP 0x00000000, Addr 0xE0001028, Val 0x00000080, "DAP Write Memory (32 bit) - Success" - ID 46
20:58:53:859 (23/10/2024) - READ  MEM Access, AP 0x00000000, Addr 0xE0001028, Val 0x00000080, "DAP Read Memory (32 bit) - Success" - ID 47
20:58:53:860 (23/10/2024) - WRITE MEM Access, AP 0x00000000, Addr 0xE0001028, Val 0x00000000, "DAP Write Memory (32 bit) - Success" - ID 48
20:58:53:861 (23/10/2024) - WRITE MEM Access, AP 0x00000000, Addr 0xE0001038, Val 0x00000100, "DAP Write Memory (32 bit) - Success" - ID 49
20:58:53:862 (23/10/2024) - READ  MEM Access, AP 0x00000000, Addr 0xE0001038, Val 0x00000300, "DAP Read Memory (32 bit) - Success" - ID 50
20:58:53:863 (23/10/2024) - WRITE MEM Access, AP 0x00000000, Addr 0xE0001038, Val 0x00000080, "DAP Write Memory (32 bit) - Success" - ID 51
20:58:53:864 (23/10/2024) - READ  MEM Access, AP 0x00000000, Addr 0xE0001038, Val 0x00000200, "DAP Read Memory (32 bit) - Success" - ID 52
20:58:53:866 (23/10/2024) - WRITE MEM Access, AP 0x00000000, Addr 0xE0001038, Val 0x00000000, "DAP Write Memory (32 bit) - Success" - ID 53
20:58:53:867 (23/10/2024) - WRITE MEM Access, AP 0x00000000, Addr 0xE0001048, Val 0x00000100, "DAP Write Memory (32 bit) - Success" - ID 54
20:58:53:868 (23/10/2024) - READ  MEM Access, AP 0x00000000, Addr 0xE0001048, Val 0x00000000, "DAP Read Memory (32 bit) - Success" - ID 55
20:58:53:869 (23/10/2024) - WRITE MEM Access, AP 0x00000000, Addr 0xE0001048, Val 0x00000080, "DAP Write Memory (32 bit) - Success" - ID 56
20:58:53:870 (23/10/2024) - READ  MEM Access, AP 0x00000000, Addr 0xE0001048, Val 0x00000000, "DAP Read Memory (32 bit) - Success" - ID 57
20:58:53:871 (23/10/2024) - WRITE MEM Access, AP 0x00000000, Addr 0xE0001048, Val 0x00000000, "DAP Write Memory (32 bit) - Success" - ID 58
20:58:53:872 (23/10/2024) - WRITE MEM Access, AP 0x00000000, Addr 0xE0001058, Val 0x00000100, "DAP Write Memory (32 bit) - Success" - ID 59
20:58:53:873 (23/10/2024) - READ  MEM Access, AP 0x00000000, Addr 0xE0001058, Val 0x00000000, "DAP Read Memory (32 bit) - Success" - ID 60
20:58:53:874 (23/10/2024) - WRITE MEM Access, AP 0x00000000, Addr 0xE0001058, Val 0x00000080, "DAP Write Memory (32 bit) - Success" - ID 61
20:58:53:875 (23/10/2024) - READ  MEM Access, AP 0x00000000, Addr 0xE0001058, Val 0x00000000, "DAP Read Memory (32 bit) - Success" - ID 62
20:58:53:876 (23/10/2024) - WRITE MEM Access, AP 0x00000000, Addr 0xE0001058, Val 0x00000000, "DAP Write Memory (32 bit) - Success" - ID 63
20:58:53:877 (23/10/2024) - WRITE MEM Access, AP 0x00000000, Addr 0xE0002000, Val 0x00000002, "DAP Write Memory (32 bit) - Success" - ID 64
20:58:53:878 (23/10/2024) - WRITE MEM Access, AP 0x00000000, Addr 0xE0001028, Val 0x00000000, "DAP Write Memory (32 bit) - Success" - ID 65
20:58:53:879 (23/10/2024) - WRITE MEM Access, AP 0x00000000, Addr 0xE0001038, Val 0x00000000, "DAP Write Memory (32 bit) - Success" - ID 66
20:58:53:880 (23/10/2024) - WRITE MEM Access, AP 0x00000000, Addr 0xE0001048, Val 0x00000000, "DAP Write Memory (32 bit) - Success" - ID 67
20:58:53:881 (23/10/2024) - WRITE MEM Access, AP 0x00000000, Addr 0xE0001058, Val 0x00000000, "DAP Write Memory (32 bit) - Success" - ID 68
20:58:53:882 (23/10/2024) - READ  MEM Access, AP 0x00000000, Addr 0xE000E004, Val 0x00000001, "DAP Read Memory (32 bit) - Success" - ID 69
20:58:53:886 (23/10/2024) - WRITE MEM BLOCK Access, AP 0x00000000, Start Addr 0xE0001000, End Addr 0xE000101B, "DAP Write Memory Block - Success" - ID 70
  Item #0, AP 0, Addr 0xE0001000, Value 0x00000001
  Item #1, AP 0, Addr 0xE0001004, Value 0x00000000
  Item #2, AP 0, Addr 0xE0001008, Value 0x00000000
  Item #3, AP 0, Addr 0xE000100C, Value 0x00000000
  Item #4, AP 0, Addr 0xE0001010, Value 0x00000000
  Item #5, AP 0, Addr 0xE0001014, Value 0x00000000
  Item #6, AP 0, Addr 0xE0001018, Value 0x00000000
20:58:53:887 (23/10/2024) - WRITE MEM Access, AP 0x00000000, Addr 0xE000EDFC, Val 0x00000001, "DAP Write Memory (32 bit) - Success" - ID 71
20:58:53:888 (23/10/2024) - READ  MEM Access, AP 0x00000000, Addr 0xE000EDF0, Val 0x00030003, "DAP Read Memory (32 bit) - Success" - ID 72
20:58:53:961 (23/10/2024) - READ  MEM Access, AP 0x00000000, Addr 0xE000EDF0, Val 0x00030003, "DAP Read Memory (32 bit) - Success" - ID 73
20:58:53:962 (23/10/2024) - READ  MEM Access, AP 0x00000000, Addr 0xE000EDF0, Val 0x00030003, "DAP Read Memory (32 bit) - Success" - ID 74
20:58:53:963 (23/10/2024) - READ  MEM Access, AP 0x00000000, Addr 0xE000EDF0, Val 0x00030003, "DAP Read Memory (32 bit) - Success" - ID 75
20:58:53:964 (23/10/2024) - READ  MEM Access, AP 0x00000000, Addr 0xE000EDF0, Val 0x00030003, "DAP Read Memory (32 bit) - Success" - ID 76
20:58:53:965 (23/10/2024) - READ  MEM Access, AP 0x00000000, Addr 0xE000EDF0, Val 0x00030003, "DAP Read Memory (32 bit) - Success" - ID 77
20:58:53:966 (23/10/2024) - READ  MEM Access, AP 0x00000000, Addr 0xE000EDF0, Val 0x00030003, "DAP Read Memory (32 bit) - Success" - ID 78
20:58:53:967 (23/10/2024) - READ  MEM Access, AP 0x00000000, Addr 0xE000EDF0, Val 0x00030003, "DAP Read Memory (32 bit) - Success" - ID 79
20:58:53:968 (23/10/2024) - READ  MEM Access, AP 0x00000000, Addr 0xE000EDF0, Val 0x00030003, "DAP Read Memory (32 bit) - Success" - ID 80
20:58:53:969 (23/10/2024) - READ  MEM Access, AP 0x00000000, Addr 0xE000EDF0, Val 0x00030003, "DAP Read Memory (32 bit) - Success" - ID 81
20:58:53:970 (23/10/2024) - READ  MEM Access, AP 0x00000000, Addr 0xE000EDF0, Val 0x00030003, "DAP Read Memory (32 bit) - Success" - ID 82
20:58:53:971 (23/10/2024) - READ  MEM Access, AP 0x00000000, Addr 0xE000EDF0, Val 0x00030003, "DAP Read Memory (32 bit) - Success" - ID 83
20:58:53:972 (23/10/2024) - READ  MEM Access, AP 0x00000000, Addr 0xE000EDF0, Val 0x00030003, "DAP Read Memory (32 bit) - Success" - ID 84
20:58:53:973 (23/10/2024) - READ  MEM Access, AP 0x00000000, Addr 0xE000EDF0, Val 0x00030003, "DAP Read Memory (32 bit) - Success" - ID 85
20:58:53:975 (23/10/2024) - READ  MEM Access, AP 0x00000000, Addr 0xE000EDF0, Val 0x00030003, "DAP Read Memory (32 bit) - Success" - ID 86
20:58:53:976 (23/10/2024) - READ  MEM Access, AP 0x00000000, Addr 0xE000EDF0, Val 0x00030003, "DAP Read Memory (32 bit) - Success" - ID 87
20:58:53:976 (23/10/2024) - READ  MEM Access, AP 0x00000000, Addr 0xE000EDF0, Val 0x00030003, "DAP Read Memory (32 bit) - Success" - ID 88
20:58:53:977 (23/10/2024) - READ  MEM Access, AP 0x00000000, Addr 0xE000EDF0, Val 0x00030003, "DAP Read Memory (32 bit) - Success" - ID 89
20:58:53:978 (23/10/2024) - READ  MEM Access, AP 0x00000000, Addr 0xE000EDF0, Val 0x00030003, "DAP Read Memory (32 bit) - Success" - ID 90
20:58:53:979 (23/10/2024) - READ  MEM Access, AP 0x00000000, Addr 0xE000EDF0, Val 0x00030003, "DAP Read Memory (32 bit) - Success" - ID 91
20:58:53:980 (23/10/2024) - READ  MEM Access, AP 0x00000000, Addr 0xE000EDF0, Val 0x00030003, "DAP Read Memory (32 bit) - Success" - ID 92
20:58:53:981 (23/10/2024) - READ  MEM Access, AP 0x00000000, Addr 0xE000EDF0, Val 0x00030003, "DAP Read Memory (32 bit) - Success" - ID 93
20:58:53:982 (23/10/2024) - READ  MEM Access, AP 0x00000000, Addr 0xE000EDF0, Val 0x00030003, "DAP Read Memory (32 bit) - Success" - ID 94
20:58:53:984 (23/10/2024) - READ  MEM Access, AP 0x00000000, Addr 0xE000EDF0, Val 0x00030003, "DAP Read Memory (32 bit) - Success" - ID 95
20:58:53:984 (23/10/2024) - READ  MEM Access, AP 0x00000000, Addr 0xE000EDF0, Val 0x00030003, "DAP Read Memory (32 bit) - Success" - ID 96
20:58:53:985 (23/10/2024) - READ  MEM Access, AP 0x00000000, Addr 0xE000EDF0, Val 0x00030003, "DAP Read Memory (32 bit) - Success" - ID 97
20:58:53:986 (23/10/2024) - READ  MEM Access, AP 0x00000000, Addr 0xE000EDF0, Val 0x00030003, "DAP Read Memory (32 bit) - Success" - ID 98
20:58:53:987 (23/10/2024) - READ  MEM Access, AP 0x00000000, Addr 0xE000EDF0, Val 0x00030003, "DAP Read Memory (32 bit) - Success" - ID 99
20:58:53:988 (23/10/2024) - READ  MEM Access, AP 0x00000000, Addr 0xE000EDF0, Val 0x00030003, "DAP Read Memory (32 bit) - Success" - ID 100
20:58:53:989 (23/10/2024) - READ  MEM Access, AP 0x00000000, Addr 0xE000EDF0, Val 0x00030003, "DAP Read Memory (32 bit) - Success" - ID 101
20:58:53:990 (23/10/2024) - READ  MEM Access, AP 0x00000000, Addr 0xE000EDF0, Val 0x00030003, "DAP Read Memory (32 bit) - Success" - ID 102
20:58:53:991 (23/10/2024) - READ  MEM Access, AP 0x00000000, Addr 0xE000EDF0, Val 0x00030003, "DAP Read Memory (32 bit) - Success" - ID 103
20:58:53:992 (23/10/2024) - READ  MEM Access, AP 0x00000000, Addr 0xE000EDF0, Val 0x00030003, "DAP Read Memory (32 bit) - Success" - ID 104
20:58:53:994 (23/10/2024) - READ  MEM Access, AP 0x00000000, Addr 0xE000EDF0, Val 0x00030003, "DAP Read Memory (32 bit) - Success" - ID 105
20:58:53:994 (23/10/2024) - READ  MEM Access, AP 0x00000000, Addr 0xE000EDF0, Val 0x00030003, "DAP Read Memory (32 bit) - Success" - ID 106
20:58:53:995 (23/10/2024) - READ  MEM Access, AP 0x00000000, Addr 0xE000EDF0, Val 0x00030003, "DAP Read Memory (32 bit) - Success" - ID 107
20:58:53:996 (23/10/2024) - READ  MEM Access, AP 0x00000000, Addr 0xE000EDF0, Val 0x00030003, "DAP Read Memory (32 bit) - Success" - ID 108
20:58:53:997 (23/10/2024) - READ  MEM Access, AP 0x00000000, Addr 0xE000EDF0, Val 0x00030003, "DAP Read Memory (32 bit) - Success" - ID 109
20:58:53:998 (23/10/2024) - READ  MEM Access, AP 0x00000000, Addr 0xE000EDF0, Val 0x00030003, "DAP Read Memory (32 bit) - Success" - ID 110
20:58:53:999 (23/10/2024) - READ  MEM Access, AP 0x00000000, Addr 0xE000EDF0, Val 0x00030003, "DAP Read Memory (32 bit) - Success" - ID 111
20:58:54:000 (23/10/2024) - READ  MEM Access, AP 0x00000000, Addr 0xE000EDF0, Val 0x00030003, "DAP Read Memory (32 bit) - Success" - ID 112
20:58:54:001 (23/10/2024) - READ  MEM Access, AP 0x00000000, Addr 0xE000EDF0, Val 0x00030003, "DAP Read Memory (32 bit) - Success" - ID 113
20:58:54:002 (23/10/2024) - READ  MEM Access, AP 0x00000000, Addr 0xE000EDF0, Val 0x00030003, "DAP Read Memory (32 bit) - Success" - ID 114
20:58:54:003 (23/10/2024) - READ  MEM Access, AP 0x00000000, Addr 0xE000EDF0, Val 0x00030003, "DAP Read Memory (32 bit) - Success" - ID 115
20:58:54:004 (23/10/2024) - READ  MEM Access, AP 0x00000000, Addr 0xE000EDF0, Val 0x00030003, "DAP Read Memory (32 bit) - Success" - ID 116
20:58:54:005 (23/10/2024) - READ  MEM Access, AP 0x00000000, Addr 0xE000EDF0, Val 0x00030003, "DAP Read Memory (32 bit) - Success" - ID 117
20:58:54:006 (23/10/2024) - READ  MEM Access, AP 0x00000000, Addr 0xE000EDF0, Val 0x00030003, "DAP Read Memory (32 bit) - Success" - ID 118
20:58:54:007 (23/10/2024) - READ  MEM Access, AP 0x00000000, Addr 0xE000EDF0, Val 0x00030003, "DAP Read Memory (32 bit) - Success" - ID 119
20:58:54:008 (23/10/2024) - READ  MEM Access, AP 0x00000000, Addr 0xE000EDF0, Val 0x00030003, "DAP Read Memory (32 bit) - Success" - ID 120
20:58:54:009 (23/10/2024) - READ  MEM Access, AP 0x00000000, Addr 0xE000EDF0, Val 0x00030003, "DAP Read Memory (32 bit) - Success" - ID 121
20:58:54:010 (23/10/2024) - READ  MEM Access, AP 0x00000000, Addr 0xE000EDF0, Val 0x00030003, "DAP Read Memory (32 bit) - Success" - ID 122
20:58:54:011 (23/10/2024) - READ  MEM Access, AP 0x00000000, Addr 0xE000EDF0, Val 0x00030003, "DAP Read Memory (32 bit) - Success" - ID 123
20:58:54:012 (23/10/2024) - READ  MEM Access, AP 0x00000000, Addr 0xE000EDF0, Val 0x00030003, "DAP Read Memory (32 bit) - Success" - ID 124
20:58:54:013 (23/10/2024) - READ  MEM Access, AP 0x00000000, Addr 0xE000EDF0, Val 0x00030003, "DAP Read Memory (32 bit) - Success" - ID 125
20:58:54:014 (23/10/2024) - READ  MEM Access, AP 0x00000000, Addr 0xE000EDF0, Val 0x00030003, "DAP Read Memory (32 bit) - Success" - ID 126
20:58:54:016 (23/10/2024) - READ  MEM Access, AP 0x00000000, Addr 0xE000EDF0, Val 0x00030003, "DAP Read Memory (32 bit) - Success" - ID 127
20:58:54:017 (23/10/2024) - READ  MEM Access, AP 0x00000000, Addr 0xE000EDF0, Val 0x00030003, "DAP Read Memory (32 bit) - Success" - ID 128
20:58:54:018 (23/10/2024) - READ  MEM Access, AP 0x00000000, Addr 0xE000EDF0, Val 0x00030003, "DAP Read Memory (32 bit) - Success" - ID 129
20:58:54:019 (23/10/2024) - READ  MEM Access, AP 0x00000000, Addr 0xE000EDF0, Val 0x00030003, "DAP Read Memory (32 bit) - Success" - ID 130
20:58:54:020 (23/10/2024) - READ  MEM Access, AP 0x00000000, Addr 0xE000EDF0, Val 0x00030003, "DAP Read Memory (32 bit) - Success" - ID 131
20:58:54:021 (23/10/2024) - READ  MEM Access, AP 0x00000000, Addr 0xE000EDF0, Val 0x00030003, "DAP Read Memory (32 bit) - Success" - ID 132
20:58:54:022 (23/10/2024) - READ  MEM Access, AP 0x00000000, Addr 0xE000EDF0, Val 0x00030003, "DAP Read Memory (32 bit) - Success" - ID 133
20:58:54:023 (23/10/2024) - READ  MEM Access, AP 0x00000000, Addr 0xE000EDF0, Val 0x00030003, "DAP Read Memory (32 bit) - Success" - ID 134
20:58:54:023 (23/10/2024) - READ  MEM Access, AP 0x00000000, Addr 0xE000EDF0, Val 0x00030003, "DAP Read Memory (32 bit) - Success" - ID 135
20:58:54:024 (23/10/2024) - READ  MEM Access, AP 0x00000000, Addr 0xE000EDF0, Val 0x00030003, "DAP Read Memory (32 bit) - Success" - ID 136
20:58:54:026 (23/10/2024) - READ  MEM Access, AP 0x00000000, Addr 0xE000EDF0, Val 0x00030003, "DAP Read Memory (32 bit) - Success" - ID 137
20:58:54:027 (23/10/2024) - READ  MEM Access, AP 0x00000000, Addr 0xE000EDF0, Val 0x00030003, "DAP Read Memory (32 bit) - Success" - ID 138
20:58:54:028 (23/10/2024) - READ  MEM Access, AP 0x00000000, Addr 0xE000EDF0, Val 0x00030003, "DAP Read Memory (32 bit) - Success" - ID 139
20:58:54:029 (23/10/2024) - READ  MEM Access, AP 0x00000000, Addr 0xE000EDF0, Val 0x00030003, "DAP Read Memory (32 bit) - Success" - ID 140
20:58:54:030 (23/10/2024) - READ  MEM Access, AP 0x00000000, Addr 0xE000EDF0, Val 0x00030003, "DAP Read Memory (32 bit) - Success" - ID 141
20:58:54:030 (23/10/2024) - READ  MEM Access, AP 0x00000000, Addr 0xE000EDF0, Val 0x00030003, "DAP Read Memory (32 bit) - Success" - ID 142
20:58:54:032 (23/10/2024) - READ  MEM Access, AP 0x00000000, Addr 0xE000EDF0, Val 0x00030003, "DAP Read Memory (32 bit) - Success" - ID 143
20:58:54:033 (23/10/2024) - READ  MEM Access, AP 0x00000000, Addr 0xE000EDF0, Val 0x00030003, "DAP Read Memory (32 bit) - Success" - ID 144
20:58:54:034 (23/10/2024) - READ  MEM Access, AP 0x00000000, Addr 0xE000EDF0, Val 0x00030003, "DAP Read Memory (32 bit) - Success" - ID 145
20:58:54:035 (23/10/2024) - READ  MEM Access, AP 0x00000000, Addr 0xE000EDF0, Val 0x00030003, "DAP Read Memory (32 bit) - Success" - ID 146
20:58:54:036 (23/10/2024) - READ  MEM Access, AP 0x00000000, Addr 0xE000EDF0, Val 0x00030003, "DAP Read Memory (32 bit) - Success" - ID 147
20:58:54:037 (23/10/2024) - READ  MEM Access, AP 0x00000000, Addr 0xE000EDF0, Val 0x00030003, "DAP Read Memory (32 bit) - Success" - ID 148
20:58:54:038 (23/10/2024) - READ  MEM Access, AP 0x00000000, Addr 0xE000EDF0, Val 0x00030003, "DAP Read Memory (32 bit) - Success" - ID 149
20:58:54:039 (23/10/2024) - READ  MEM Access, AP 0x00000000, Addr 0xE000EDF0, Val 0x00030003, "DAP Read Memory (32 bit) - Success" - ID 150
20:58:54:040 (23/10/2024) - READ  MEM Access, AP 0x00000000, Addr 0xE000EDF0, Val 0x00030003, "DAP Read Memory (32 bit) - Success" - ID 151
20:58:54:041 (23/10/2024) - READ  MEM Access, AP 0x00000000, Addr 0xE000EDF0, Val 0x00030003, "DAP Read Memory (32 bit) - Success" - ID 152
20:58:54:042 (23/10/2024) - READ  MEM Access, AP 0x00000000, Addr 0xE000EDF0, Val 0x00030003, "DAP Read Memory (32 bit) - Success" - ID 153
20:58:54:043 (23/10/2024) - READ  MEM Access, AP 0x00000000, Addr 0xE000EDF0, Val 0x00030003, "DAP Read Memory (32 bit) - Success" - ID 154
20:58:54:044 (23/10/2024) - READ  MEM Access, AP 0x00000000, Addr 0xE000EDF0, Val 0x00030003, "DAP Read Memory (32 bit) - Success" - ID 155
20:58:54:045 (23/10/2024) - READ  MEM Access, AP 0x00000000, Addr 0xE000EDF0, Val 0x00030003, "DAP Read Memory (32 bit) - Success" - ID 156
20:58:54:046 (23/10/2024) - READ  MEM Access, AP 0x00000000, Addr 0xE000EDF0, Val 0x00030003, "DAP Read Memory (32 bit) - Success" - ID 157
20:58:54:047 (23/10/2024) - READ  MEM Access, AP 0x00000000, Addr 0xE000EDF0, Val 0x00030003, "DAP Read Memory (32 bit) - Success" - ID 158
20:58:54:048 (23/10/2024) - READ  MEM Access, AP 0x00000000, Addr 0xE000EDF0, Val 0x00030003, "DAP Read Memory (32 bit) - Success" - ID 159
20:58:54:049 (23/10/2024) - READ  MEM Access, AP 0x00000000, Addr 0xE000EDF0, Val 0x00030003, "DAP Read Memory (32 bit) - Success" - ID 160
20:58:54:050 (23/10/2024) - READ  MEM Access, AP 0x00000000, Addr 0xE000EDF0, Val 0x00030003, "DAP Read Memory (32 bit) - Success" - ID 161
20:58:54:051 (23/10/2024) - READ  MEM Access, AP 0x00000000, Addr 0xE000EDF0, Val 0x00030003, "DAP Read Memory (32 bit) - Success" - ID 162
20:58:54:052 (23/10/2024) - READ  MEM Access, AP 0x00000000, Addr 0xE000EDF0, Val 0x00030003, "DAP Read Memory (32 bit) - Success" - ID 163
20:58:54:053 (23/10/2024) - READ  MEM Access, AP 0x00000000, Addr 0xE000EDF0, Val 0x00030003, "DAP Read Memory (32 bit) - Success" - ID 164
20:58:54:054 (23/10/2024) - READ  MEM Access, AP 0x00000000, Addr 0xE000EDF0, Val 0x00030003, "DAP Read Memory (32 bit) - Success" - ID 165
20:58:54:054 (23/10/2024) - READ  MEM Access, AP 0x00000000, Addr 0xE000EDF0, Val 0x00030003, "DAP Read Memory (32 bit) - Success" - ID 166
20:58:54:055 (23/10/2024) - READ  MEM Access, AP 0x00000000, Addr 0xE000EDF0, Val 0x00030003, "DAP Read Memory (32 bit) - Success" - ID 167
20:58:54:057 (23/10/2024) - READ  MEM Access, AP 0x00000000, Addr 0xE000EDF0, Val 0x00030003, "DAP Read Memory (32 bit) - Success" - ID 168
20:58:54:058 (23/10/2024) - READ  MEM Access, AP 0x00000000, Addr 0xE000EDF0, Val 0x00030003, "DAP Read Memory (32 bit) - Success" - ID 169
20:58:54:059 (23/10/2024) - READ  MEM Access, AP 0x00000000, Addr 0xE000EDF0, Val 0x00030003, "DAP Read Memory (32 bit) - Success" - ID 170
20:58:54:060 (23/10/2024) - READ  MEM Access, AP 0x00000000, Addr 0xE000EDF0, Val 0x00030003, "DAP Read Memory (32 bit) - Success" - ID 171
20:58:54:061 (23/10/2024) - READ  MEM Access, AP 0x00000000, Addr 0xE000EDF0, Val 0x00030003, "DAP Read Memory (32 bit) - Success" - ID 172
20:58:54:062 (23/10/2024) - READ  MEM Access, AP 0x00000000, Addr 0xE000EDF0, Val 0x00030003, "DAP Read Memory (32 bit) - Success" - ID 173
20:58:54:063 (23/10/2024) - READ  MEM Access, AP 0x00000000, Addr 0xE000EDF0, Val 0x00030003, "DAP Read Memory (32 bit) - Success" - ID 174
20:58:54:064 (23/10/2024) - READ  MEM Access, AP 0x00000000, Addr 0xE000EDF0, Val 0x00030003, "DAP Read Memory (32 bit) - Success" - ID 175
20:58:54:065 (23/10/2024) - READ  MEM Access, AP 0x00000000, Addr 0xE000EDF0, Val 0x00030003, "DAP Read Memory (32 bit) - Success" - ID 176
20:58:54:066 (23/10/2024) - READ  MEM Access, AP 0x00000000, Addr 0xE000EDF0, Val 0x00030003, "DAP Read Memory (32 bit) - Success" - ID 177
20:58:54:067 (23/10/2024) - READ  MEM Access, AP 0x00000000, Addr 0xE000EDF0, Val 0x00030003, "DAP Read Memory (32 bit) - Success" - ID 178
20:58:54:067 (23/10/2024) - READ  MEM Access, AP 0x00000000, Addr 0xE000EDF0, Val 0x00030003, "DAP Read Memory (32 bit) - Success" - ID 179
20:58:54:068 (23/10/2024) - READ  MEM Access, AP 0x00000000, Addr 0xE000EDF0, Val 0x00030003, "DAP Read Memory (32 bit) - Success" - ID 180
20:58:54:069 (23/10/2024) - READ  MEM Access, AP 0x00000000, Addr 0xE000EDF0, Val 0x00030003, "DAP Read Memory (32 bit) - Success" - ID 181
20:58:54:070 (23/10/2024) - READ  MEM Access, AP 0x00000000, Addr 0xE000EDF0, Val 0x00030003, "DAP Read Memory (32 bit) - Success" - ID 182
20:58:54:071 (23/10/2024) - READ  MEM Access, AP 0x00000000, Addr 0xE000EDF0, Val 0x00030003, "DAP Read Memory (32 bit) - Success" - ID 183
20:58:54:072 (23/10/2024) - READ  MEM Access, AP 0x00000000, Addr 0xE000EDF0, Val 0x00030003, "DAP Read Memory (32 bit) - Success" - ID 184
20:58:54:073 (23/10/2024) - READ  MEM Access, AP 0x00000000, Addr 0xE000EDF0, Val 0x00030003, "DAP Read Memory (32 bit) - Success" - ID 185
20:58:54:074 (23/10/2024) - READ  MEM Access, AP 0x00000000, Addr 0xE000EDF0, Val 0x00030003, "DAP Read Memory (32 bit) - Success" - ID 186
20:58:54:075 (23/10/2024) - READ  MEM Access, AP 0x00000000, Addr 0xE000EDF0, Val 0x00030003, "DAP Read Memory (32 bit) - Success" - ID 187
20:58:54:076 (23/10/2024) - READ  MEM Access, AP 0x00000000, Addr 0xE000EDF0, Val 0x00030003, "DAP Read Memory (32 bit) - Success" - ID 188
20:58:54:077 (23/10/2024) - READ  MEM Access, AP 0x00000000, Addr 0xE000EDF0, Val 0x00030003, "DAP Read Memory (32 bit) - Success" - ID 189
20:58:54:078 (23/10/2024) - READ  MEM Access, AP 0x00000000, Addr 0xE000EDF0, Val 0x00030003, "DAP Read Memory (32 bit) - Success" - ID 190
20:58:54:079 (23/10/2024) - READ  MEM Access, AP 0x00000000, Addr 0xE000EDF0, Val 0x00030003, "DAP Read Memory (32 bit) - Success" - ID 191
20:58:54:080 (23/10/2024) - READ  MEM Access, AP 0x00000000, Addr 0xE000EDF0, Val 0x00030003, "DAP Read Memory (32 bit) - Success" - ID 192
20:58:54:081 (23/10/2024) - READ  MEM Access, AP 0x00000000, Addr 0xE000EDF0, Val 0x00030003, "DAP Read Memory (32 bit) - Success" - ID 193
20:58:54:082 (23/10/2024) - READ  MEM Access, AP 0x00000000, Addr 0xE000EDF0, Val 0x00030003, "DAP Read Memory (32 bit) - Success" - ID 194
20:58:54:084 (23/10/2024) - READ  MEM Access, AP 0x00000000, Addr 0xE000EDF0, Val 0x00030003, "DAP Read Memory (32 bit) - Success" - ID 195
20:58:54:085 (23/10/2024) - READ  MEM Access, AP 0x00000000, Addr 0xE000EDF0, Val 0x00030003, "DAP Read Memory (32 bit) - Success" - ID 196
20:58:54:086 (23/10/2024) - READ  MEM Access, AP 0x00000000, Addr 0xE000EDF0, Val 0x00030003, "DAP Read Memory (32 bit) - Success" - ID 197
20:58:54:087 (23/10/2024) - READ  MEM Access, AP 0x00000000, Addr 0xE000EDF0, Val 0x00030003, "DAP Read Memory (32 bit) - Success" - ID 198
20:58:54:088 (23/10/2024) - READ  MEM Access, AP 0x00000000, Addr 0xE000EDF0, Val 0x00030003, "DAP Read Memory (32 bit) - Success" - ID 199
20:58:54:089 (23/10/2024) - READ  MEM Access, AP 0x00000000, Addr 0xE000EDF0, Val 0x00030003, "DAP Read Memory (32 bit) - Success" - ID 200
20:58:54:090 (23/10/2024) - READ  MEM Access, AP 0x00000000, Addr 0xE000EDF0, Val 0x00030003, "DAP Read Memory (32 bit) - Success" - ID 201
20:58:54:091 (23/10/2024) - READ  MEM Access, AP 0x00000000, Addr 0xE000EDF0, Val 0x00030003, "DAP Read Memory (32 bit) - Success" - ID 202
20:58:54:092 (23/10/2024) - READ  MEM Access, AP 0x00000000, Addr 0xE000EDF0, Val 0x00030003, "DAP Read Memory (32 bit) - Success" - ID 203
20:58:54:093 (23/10/2024) - READ  MEM Access, AP 0x00000000, Addr 0xE000EDF0, Val 0x00030003, "DAP Read Memory (32 bit) - Success" - ID 204
20:58:54:094 (23/10/2024) - READ  MEM Access, AP 0x00000000, Addr 0xE000EDF0, Val 0x00030003, "DAP Read Memory (32 bit) - Success" - ID 205
20:58:54:095 (23/10/2024) - READ  MEM Access, AP 0x00000000, Addr 0xE000EDF0, Val 0x00030003, "DAP Read Memory (32 bit) - Success" - ID 206
20:58:54:096 (23/10/2024) - READ  MEM Access, AP 0x00000000, Addr 0xE000EDF0, Val 0x00030003, "DAP Read Memory (32 bit) - Success" - ID 207
20:58:54:097 (23/10/2024) - READ  MEM Access, AP 0x00000000, Addr 0xE000EDF0, Val 0x00030003, "DAP Read Memory (32 bit) - Success" - ID 208
20:58:54:098 (23/10/2024) - READ  MEM Access, AP 0x00000000, Addr 0xE000EDF0, Val 0x00030003, "DAP Read Memory (32 bit) - Success" - ID 209
20:58:54:099 (23/10/2024) - READ  MEM Access, AP 0x00000000, Addr 0xE000EDF0, Val 0x00030003, "DAP Read Memory (32 bit) - Success" - ID 210
20:58:54:099 (23/10/2024) - READ  MEM Access, AP 0x00000000, Addr 0xE000EDF0, Val 0x00030003, "DAP Read Memory (32 bit) - Success" - ID 211
20:58:54:100 (23/10/2024) - READ  MEM Access, AP 0x00000000, Addr 0xE000EDF0, Val 0x00030003, "DAP Read Memory (32 bit) - Success" - ID 212
20:58:54:101 (23/10/2024) - READ  MEM Access, AP 0x00000000, Addr 0xE000EDF0, Val 0x00030003, "DAP Read Memory (32 bit) - Success" - ID 213
20:58:54:102 (23/10/2024) - READ  MEM Access, AP 0x00000000, Addr 0xE000EDF0, Val 0x00030003, "DAP Read Memory (32 bit) - Success" - ID 214
20:58:54:103 (23/10/2024) - READ  MEM Access, AP 0x00000000, Addr 0xE000EDF0, Val 0x00030003, "DAP Read Memory (32 bit) - Success" - ID 215
20:58:54:104 (23/10/2024) - READ  MEM Access, AP 0x00000000, Addr 0xE000EDF0, Val 0x00030003, "DAP Read Memory (32 bit) - Success" - ID 216
20:58:54:105 (23/10/2024) - READ  MEM Access, AP 0x00000000, Addr 0xE000EDF0, Val 0x00030003, "DAP Read Memory (32 bit) - Success" - ID 217
20:58:54:106 (23/10/2024) - READ  MEM Access, AP 0x00000000, Addr 0xE000EDF0, Val 0x00030003, "DAP Read Memory (32 bit) - Success" - ID 218
20:58:54:107 (23/10/2024) - READ  MEM Access, AP 0x00000000, Addr 0xE000EDF0, Val 0x00030003, "DAP Read Memory (32 bit) - Success" - ID 219
20:58:54:108 (23/10/2024) - READ  MEM Access, AP 0x00000000, Addr 0xE000EDF0, Val 0x00030003, "DAP Read Memory (32 bit) - Success" - ID 220
20:58:54:109 (23/10/2024) - READ  MEM Access, AP 0x00000000, Addr 0xE000EDF0, Val 0x00030003, "DAP Read Memory (32 bit) - Success" - ID 221
20:58:54:110 (23/10/2024) - READ  MEM Access, AP 0x00000000, Addr 0xE000EDF0, Val 0x00030003, "DAP Read Memory (32 bit) - Success" - ID 222
20:58:54:111 (23/10/2024) - READ  MEM Access, AP 0x00000000, Addr 0xE000EDF0, Val 0x00030003, "DAP Read Memory (32 bit) - Success" - ID 223
20:58:54:112 (23/10/2024) - READ  MEM Access, AP 0x00000000, Addr 0xE000EDF0, Val 0x00030003, "DAP Read Memory (32 bit) - Success" - ID 224
20:58:54:113 (23/10/2024) - READ  MEM Access, AP 0x00000000, Addr 0xE000EDF0, Val 0x00030003, "DAP Read Memory (32 bit) - Success" - ID 225
20:58:54:114 (23/10/2024) - READ  MEM Access, AP 0x00000000, Addr 0xE000EDF0, Val 0x00030003, "DAP Read Memory (32 bit) - Success" - ID 226
20:58:54:116 (23/10/2024) - READ  MEM Access, AP 0x00000000, Addr 0xE000EDF0, Val 0x00030003, "DAP Read Memory (32 bit) - Success" - ID 227
20:58:54:117 (23/10/2024) - READ  MEM Access, AP 0x00000000, Addr 0xE000EDF0, Val 0x00030003, "DAP Read Memory (32 bit) - Success" - ID 228
20:58:54:118 (23/10/2024) - READ  MEM Access, AP 0x00000000, Addr 0xE000EDF0, Val 0x00030003, "DAP Read Memory (32 bit) - Success" - ID 229
20:58:54:119 (23/10/2024) - READ  MEM Access, AP 0x00000000, Addr 0xE000EDF0, Val 0x00030003, "DAP Read Memory (32 bit) - Success" - ID 230
20:58:54:120 (23/10/2024) - READ  MEM Access, AP 0x00000000, Addr 0xE000EDF0, Val 0x00030003, "DAP Read Memory (32 bit) - Success" - ID 231
20:58:54:121 (23/10/2024) - READ  MEM Access, AP 0x00000000, Addr 0xE000EDF0, Val 0x00030003, "DAP Read Memory (32 bit) - Success" - ID 232
20:58:54:122 (23/10/2024) - READ  MEM Access, AP 0x00000000, Addr 0xE000EDF0, Val 0x00030003, "DAP Read Memory (32 bit) - Success" - ID 233
20:58:54:123 (23/10/2024) - READ  MEM Access, AP 0x00000000, Addr 0xE000EDF0, Val 0x00030003, "DAP Read Memory (32 bit) - Success" - ID 234
20:58:54:124 (23/10/2024) - READ  MEM Access, AP 0x00000000, Addr 0xE000EDF0, Val 0x00030003, "DAP Read Memory (32 bit) - Success" - ID 235
20:58:54:125 (23/10/2024) - READ  MEM Access, AP 0x00000000, Addr 0xE000EDF0, Val 0x00030003, "DAP Read Memory (32 bit) - Success" - ID 236
20:58:54:126 (23/10/2024) - READ  MEM Access, AP 0x00000000, Addr 0xE000EDF0, Val 0x00030003, "DAP Read Memory (32 bit) - Success" - ID 237
20:58:54:127 (23/10/2024) - READ  MEM Access, AP 0x00000000, Addr 0xE000EDF0, Val 0x00030003, "DAP Read Memory (32 bit) - Success" - ID 238
20:58:54:128 (23/10/2024) - READ  MEM Access, AP 0x00000000, Addr 0xE000EDF0, Val 0x00030003, "DAP Read Memory (32 bit) - Success" - ID 239
20:58:54:129 (23/10/2024) - READ  MEM Access, AP 0x00000000, Addr 0xE000EDF0, Val 0x00030003, "DAP Read Memory (32 bit) - Success" - ID 240
20:58:54:129 (23/10/2024) - READ  MEM Access, AP 0x00000000, Addr 0xE000EDF0, Val 0x00030003, "DAP Read Memory (32 bit) - Success" - ID 241
20:58:54:130 (23/10/2024) - READ  MEM Access, AP 0x00000000, Addr 0xE000EDF0, Val 0x00030003, "DAP Read Memory (32 bit) - Success" - ID 242
20:58:54:131 (23/10/2024) - READ  MEM Access, AP 0x00000000, Addr 0xE000EDF0, Val 0x00030003, "DAP Read Memory (32 bit) - Success" - ID 243
20:58:54:132 (23/10/2024) - READ  MEM Access, AP 0x00000000, Addr 0xE000EDF0, Val 0x00030003, "DAP Read Memory (32 bit) - Success" - ID 244
20:58:54:134 (23/10/2024) - READ  MEM Access, AP 0x00000000, Addr 0xE000EDF0, Val 0x00030003, "DAP Read Memory (32 bit) - Success" - ID 245
20:58:54:134 (23/10/2024) - READ  MEM Access, AP 0x00000000, Addr 0xE000EDF0, Val 0x00030003, "DAP Read Memory (32 bit) - Success" - ID 246
20:58:54:135 (23/10/2024) - READ  MEM Access, AP 0x00000000, Addr 0xE000EDF0, Val 0x00030003, "DAP Read Memory (32 bit) - Success" - ID 247
20:58:54:136 (23/10/2024) - READ  MEM Access, AP 0x00000000, Addr 0xE000EDF0, Val 0x00030003, "DAP Read Memory (32 bit) - Success" - ID 248
20:58:54:137 (23/10/2024) - READ  MEM Access, AP 0x00000000, Addr 0xE000EDF0, Val 0x00030003, "DAP Read Memory (32 bit) - Success" - ID 249
20:58:54:138 (23/10/2024) - READ  MEM Access, AP 0x00000000, Addr 0xE000EDF0, Val 0x00030003, "DAP Read Memory (32 bit) - Success" - ID 250
20:58:54:139 (23/10/2024) - READ  MEM Access, AP 0x00000000, Addr 0xE000EDF0, Val 0x00030003, "DAP Read Memory (32 bit) - Success" - ID 251
20:58:54:140 (23/10/2024) - READ  MEM Access, AP 0x00000000, Addr 0xE000EDF0, Val 0x00030003, "DAP Read Memory (32 bit) - Success" - ID 252
20:58:54:141 (23/10/2024) - READ  MEM Access, AP 0x00000000, Addr 0xE000EDF0, Val 0x00030003, "DAP Read Memory (32 bit) - Success" - ID 253
20:58:54:142 (23/10/2024) - READ  MEM Access, AP 0x00000000, Addr 0xE000EDF0, Val 0x00030003, "DAP Read Memory (32 bit) - Success" - ID 254
20:58:54:143 (23/10/2024) - READ  MEM Access, AP 0x00000000, Addr 0xE000EDF0, Val 0x00030003, "DAP Read Memory (32 bit) - Success" - ID 255
20:58:54:144 (23/10/2024) - READ  MEM Access, AP 0x00000000, Addr 0xE000EDF0, Val 0x00030003, "DAP Read Memory (32 bit) - Success" - ID 256
20:58:54:145 (23/10/2024) - READ  MEM Access, AP 0x00000000, Addr 0xE000EDF0, Val 0x00030003, "DAP Read Memory (32 bit) - Success" - ID 257
20:58:54:146 (23/10/2024) - READ  MEM Access, AP 0x00000000, Addr 0xE000EDF0, Val 0x00030003, "DAP Read Memory (32 bit) - Success" - ID 258
20:58:54:147 (23/10/2024) - READ  MEM Access, AP 0x00000000, Addr 0xE000EDF0, Val 0x00030003, "DAP Read Memory (32 bit) - Success" - ID 259
20:58:54:148 (23/10/2024) - READ  MEM Access, AP 0x00000000, Addr 0xE000EDF0, Val 0x00030003, "DAP Read Memory (32 bit) - Success" - ID 260
20:58:54:149 (23/10/2024) - READ  MEM Access, AP 0x00000000, Addr 0xE000EDF0, Val 0x00030003, "DAP Read Memory (32 bit) - Success" - ID 261
20:58:54:150 (23/10/2024) - READ  MEM Access, AP 0x00000000, Addr 0xE000EDF0, Val 0x00030003, "DAP Read Memory (32 bit) - Success" - ID 262
20:58:54:151 (23/10/2024) - READ  MEM Access, AP 0x00000000, Addr 0xE000EDF0, Val 0x00030003, "DAP Read Memory (32 bit) - Success" - ID 263
20:58:54:152 (23/10/2024) - READ  MEM Access, AP 0x00000000, Addr 0xE000EDF0, Val 0x00030003, "DAP Read Memory (32 bit) - Success" - ID 264
20:58:54:154 (23/10/2024) - READ  MEM Access, AP 0x00000000, Addr 0xE000EDF0, Val 0x00030003, "DAP Read Memory (32 bit) - Success" - ID 265
20:58:54:154 (23/10/2024) - READ  MEM Access, AP 0x00000000, Addr 0xE000EDF0, Val 0x00030003, "DAP Read Memory (32 bit) - Success" - ID 266
20:58:54:156 (23/10/2024) - READ  MEM Access, AP 0x00000000, Addr 0xE000EDF0, Val 0x00030003, "DAP Read Memory (32 bit) - Success" - ID 267
20:58:54:157 (23/10/2024) - READ  MEM Access, AP 0x00000000, Addr 0xE000EDF0, Val 0x00030003, "DAP Read Memory (32 bit) - Success" - ID 268
20:58:54:158 (23/10/2024) - READ  MEM Access, AP 0x00000000, Addr 0xE000EDF0, Val 0x00030003, "DAP Read Memory (32 bit) - Success" - ID 269
20:58:54:159 (23/10/2024) - READ  MEM Access, AP 0x00000000, Addr 0xE000EDF0, Val 0x00030003, "DAP Read Memory (32 bit) - Success" - ID 270
20:58:54:160 (23/10/2024) - READ  MEM Access, AP 0x00000000, Addr 0xE000EDF0, Val 0x00030003, "DAP Read Memory (32 bit) - Success" - ID 271
20:58:54:161 (23/10/2024) - READ  MEM Access, AP 0x00000000, Addr 0xE000EDF0, Val 0x00030003, "DAP Read Memory (32 bit) - Success" - ID 272
20:58:54:162 (23/10/2024) - READ  MEM Access, AP 0x00000000, Addr 0xE000EDF0, Val 0x00030003, "DAP Read Memory (32 bit) - Success" - ID 273
20:58:54:163 (23/10/2024) - READ  MEM Access, AP 0x00000000, Addr 0xE000EDF0, Val 0x00030003, "DAP Read Memory (32 bit) - Success" - ID 274
20:58:54:164 (23/10/2024) - READ  MEM Access, AP 0x00000000, Addr 0xE000EDF0, Val 0x00030003, "DAP Read Memory (32 bit) - Success" - ID 275
20:58:54:165 (23/10/2024) - READ  MEM Access, AP 0x00000000, Addr 0xE000EDF0, Val 0x00030003, "DAP Read Memory (32 bit) - Success" - ID 276
20:58:54:166 (23/10/2024) - READ  MEM Access, AP 0x00000000, Addr 0xE000EDF0, Val 0x00030003, "DAP Read Memory (32 bit) - Success" - ID 277
20:58:54:167 (23/10/2024) - READ  MEM Access, AP 0x00000000, Addr 0xE000EDF0, Val 0x00030003, "DAP Read Memory (32 bit) - Success" - ID 278
20:58:54:168 (23/10/2024) - READ  MEM Access, AP 0x00000000, Addr 0xE000EDF0, Val 0x00030003, "DAP Read Memory (32 bit) - Success" - ID 279
20:58:54:169 (23/10/2024) - READ  MEM Access, AP 0x00000000, Addr 0xE000EDF0, Val 0x00030003, "DAP Read Memory (32 bit) - Success" - ID 280
20:58:54:170 (23/10/2024) - READ  MEM Access, AP 0x00000000, Addr 0xE000EDF0, Val 0x00030003, "DAP Read Memory (32 bit) - Success" - ID 281
20:58:54:171 (23/10/2024) - READ  MEM Access, AP 0x00000000, Addr 0xE000EDF0, Val 0x00030003, "DAP Read Memory (32 bit) - Success" - ID 282
20:58:54:172 (23/10/2024) - READ  MEM Access, AP 0x00000000, Addr 0xE000EDF0, Val 0x00030003, "DAP Read Memory (32 bit) - Success" - ID 283
20:58:54:173 (23/10/2024) - READ  MEM Access, AP 0x00000000, Addr 0xE000EDF0, Val 0x00030003, "DAP Read Memory (32 bit) - Success" - ID 284
20:58:54:174 (23/10/2024) - READ  MEM Access, AP 0x00000000, Addr 0xE000EDF0, Val 0x00030003, "DAP Read Memory (32 bit) - Success" - ID 285
20:58:54:175 (23/10/2024) - READ  MEM Access, AP 0x00000000, Addr 0xE000EDF0, Val 0x00030003, "DAP Read Memory (32 bit) - Success" - ID 286
20:58:54:175 (23/10/2024) - READ  MEM Access, AP 0x00000000, Addr 0xE000EDF0, Val 0x00030003, "DAP Read Memory (32 bit) - Success" - ID 287
20:58:54:177 (23/10/2024) - READ  MEM Access, AP 0x00000000, Addr 0xE000EDF0, Val 0x00030003, "DAP Read Memory (32 bit) - Success" - ID 288
20:58:54:178 (23/10/2024) - READ  MEM Access, AP 0x00000000, Addr 0xE000EDF0, Val 0x00030003, "DAP Read Memory (32 bit) - Success" - ID 289
20:58:54:179 (23/10/2024) - READ  MEM Access, AP 0x00000000, Addr 0xE000EDF0, Val 0x00030003, "DAP Read Memory (32 bit) - Success" - ID 290
20:58:54:180 (23/10/2024) - READ  MEM Access, AP 0x00000000, Addr 0xE000EDF0, Val 0x00030003, "DAP Read Memory (32 bit) - Success" - ID 291
20:58:54:181 (23/10/2024) - READ  MEM Access, AP 0x00000000, Addr 0xE000EDF0, Val 0x00030003, "DAP Read Memory (32 bit) - Success" - ID 292
20:58:54:182 (23/10/2024) - READ  MEM Access, AP 0x00000000, Addr 0xE000EDF0, Val 0x00030003, "DAP Read Memory (32 bit) - Success" - ID 293
20:58:54:183 (23/10/2024) - READ  MEM Access, AP 0x00000000, Addr 0xE000EDF0, Val 0x00030003, "DAP Read Memory (32 bit) - Success" - ID 294
20:58:54:184 (23/10/2024) - READ  MEM Access, AP 0x00000000, Addr 0xE000EDF0, Val 0x00030003, "DAP Read Memory (32 bit) - Success" - ID 295
20:58:54:185 (23/10/2024) - READ  MEM Access, AP 0x00000000, Addr 0xE000EDF0, Val 0x00030003, "DAP Read Memory (32 bit) - Success" - ID 296
20:58:54:186 (23/10/2024) - READ  MEM Access, AP 0x00000000, Addr 0xE000EDF0, Val 0x00030003, "DAP Read Memory (32 bit) - Success" - ID 297
20:58:54:187 (23/10/2024) - READ  MEM Access, AP 0x00000000, Addr 0xE000EDF0, Val 0x00030003, "DAP Read Memory (32 bit) - Success" - ID 298
20:58:54:188 (23/10/2024) - READ  MEM Access, AP 0x00000000, Addr 0xE000EDF0, Val 0x00030003, "DAP Read Memory (32 bit) - Success" - ID 299
20:58:54:189 (23/10/2024) - READ  MEM Access, AP 0x00000000, Addr 0xE000EDF0, Val 0x00030003, "DAP Read Memory (32 bit) - Success" - ID 300
20:58:54:190 (23/10/2024) - READ  MEM Access, AP 0x00000000, Addr 0xE000EDF0, Val 0x00030003, "DAP Read Memory (32 bit) - Success" - ID 301
20:58:54:191 (23/10/2024) - READ  MEM Access, AP 0x00000000, Addr 0xE000EDF0, Val 0x00030003, "DAP Read Memory (32 bit) - Success" - ID 302
20:58:54:192 (23/10/2024) - READ  MEM Access, AP 0x00000000, Addr 0xE000EDF0, Val 0x00030003, "DAP Read Memory (32 bit) - Success" - ID 303
20:58:54:193 (23/10/2024) - READ  MEM Access, AP 0x00000000, Addr 0xE000EDF0, Val 0x00030003, "DAP Read Memory (32 bit) - Success" - ID 304
20:58:54:194 (23/10/2024) - READ  MEM Access, AP 0x00000000, Addr 0xE000EDF0, Val 0x00030003, "DAP Read Memory (32 bit) - Success" - ID 305
20:58:54:195 (23/10/2024) - READ  MEM Access, AP 0x00000000, Addr 0xE000EDF0, Val 0x00030003, "DAP Read Memory (32 bit) - Success" - ID 306
20:58:54:196 (23/10/2024) - READ  MEM Access, AP 0x00000000, Addr 0xE000EDF0, Val 0x00030003, "DAP Read Memory (32 bit) - Success" - ID 307
20:58:54:197 (23/10/2024) - READ  MEM Access, AP 0x00000000, Addr 0xE000EDF0, Val 0x00030003, "DAP Read Memory (32 bit) - Success" - ID 308
20:58:54:198 (23/10/2024) - READ  MEM Access, AP 0x00000000, Addr 0xE000EDF0, Val 0x00030003, "DAP Read Memory (32 bit) - Success" - ID 309
20:58:54:199 (23/10/2024) - READ  MEM Access, AP 0x00000000, Addr 0xE000EDF0, Val 0x00030003, "DAP Read Memory (32 bit) - Success" - ID 310
20:58:54:199 (23/10/2024) - READ  MEM Access, AP 0x00000000, Addr 0xE000EDF0, Val 0x00030003, "DAP Read Memory (32 bit) - Success" - ID 311
20:58:54:201 (23/10/2024) - READ  MEM Access, AP 0x00000000, Addr 0xE000EDF0, Val 0x00030003, "DAP Read Memory (32 bit) - Success" - ID 312
20:58:54:202 (23/10/2024) - READ  MEM Access, AP 0x00000000, Addr 0xE000EDF0, Val 0x00030003, "DAP Read Memory (32 bit) - Success" - ID 313
20:58:54:203 (23/10/2024) - READ  MEM Access, AP 0x00000000, Addr 0xE000EDF0, Val 0x00030003, "DAP Read Memory (32 bit) - Success" - ID 314
20:58:54:204 (23/10/2024) - READ  MEM Access, AP 0x00000000, Addr 0xE000EDF0, Val 0x00030003, "DAP Read Memory (32 bit) - Success" - ID 315
20:58:54:205 (23/10/2024) - READ  MEM Access, AP 0x00000000, Addr 0xE000EDF0, Val 0x00030003, "DAP Read Memory (32 bit) - Success" - ID 316
20:58:54:206 (23/10/2024) - READ  MEM Access, AP 0x00000000, Addr 0xE000EDF0, Val 0x00030003, "DAP Read Memory (32 bit) - Success" - ID 317
20:58:54:207 (23/10/2024) - READ  MEM Access, AP 0x00000000, Addr 0xE000EDF0, Val 0x00030003, "DAP Read Memory (32 bit) - Success" - ID 318
20:58:54:208 (23/10/2024) - READ  MEM Access, AP 0x00000000, Addr 0xE000EDF0, Val 0x00030003, "DAP Read Memory (32 bit) - Success" - ID 319
20:58:54:208 (23/10/2024) - READ  MEM Access, AP 0x00000000, Addr 0xE000EDF0, Val 0x00030003, "DAP Read Memory (32 bit) - Success" - ID 320
20:58:54:209 (23/10/2024) - READ  MEM Access, AP 0x00000000, Addr 0xE000EDF0, Val 0x00030003, "DAP Read Memory (32 bit) - Success" - ID 321
20:58:54:210 (23/10/2024) - READ  MEM Access, AP 0x00000000, Addr 0xE000EDF0, Val 0x00030003, "DAP Read Memory (32 bit) - Success" - ID 322
20:58:54:211 (23/10/2024) - READ  MEM Access, AP 0x00000000, Addr 0xE000EDF0, Val 0x00030003, "DAP Read Memory (32 bit) - Success" - ID 323
20:58:54:212 (23/10/2024) - READ  MEM Access, AP 0x00000000, Addr 0xE000EDF0, Val 0x00030003, "DAP Read Memory (32 bit) - Success" - ID 324
20:58:54:213 (23/10/2024) - READ  MEM Access, AP 0x00000000, Addr 0xE000EDF0, Val 0x00030003, "DAP Read Memory (32 bit) - Success" - ID 325
20:58:54:214 (23/10/2024) - READ  MEM Access, AP 0x00000000, Addr 0xE000EDF0, Val 0x00030003, "DAP Read Memory (32 bit) - Success" - ID 326
20:58:54:216 (23/10/2024) - READ  MEM Access, AP 0x00000000, Addr 0xE000EDF0, Val 0x00030003, "DAP Read Memory (32 bit) - Success" - ID 327
20:58:54:217 (23/10/2024) - READ  MEM Access, AP 0x00000000, Addr 0xE000EDF0, Val 0x00030003, "DAP Read Memory (32 bit) - Success" - ID 328
20:58:54:218 (23/10/2024) - READ  MEM Access, AP 0x00000000, Addr 0xE000EDF0, Val 0x00030003, "DAP Read Memory (32 bit) - Success" - ID 329
20:58:54:219 (23/10/2024) - READ  MEM Access, AP 0x00000000, Addr 0xE000EDF0, Val 0x00030003, "DAP Read Memory (32 bit) - Success" - ID 330
20:58:54:220 (23/10/2024) - READ  MEM Access, AP 0x00000000, Addr 0xE000EDF0, Val 0x00030003, "DAP Read Memory (32 bit) - Success" - ID 331
20:58:54:220 (23/10/2024) - READ  MEM Access, AP 0x00000000, Addr 0xE000EDF0, Val 0x00030003, "DAP Read Memory (32 bit) - Success" - ID 332
20:58:54:221 (23/10/2024) - READ  MEM Access, AP 0x00000000, Addr 0xE000EDF0, Val 0x00030003, "DAP Read Memory (32 bit) - Success" - ID 333
20:58:54:222 (23/10/2024) - READ  MEM Access, AP 0x00000000, Addr 0xE000EDF0, Val 0x00030003, "DAP Read Memory (32 bit) - Success" - ID 334
20:58:54:223 (23/10/2024) - READ  MEM Access, AP 0x00000000, Addr 0xE000EDF0, Val 0x00030003, "DAP Read Memory (32 bit) - Success" - ID 335
20:58:54:225 (23/10/2024) - READ  MEM Access, AP 0x00000000, Addr 0xE000EDF0, Val 0x00030003, "DAP Read Memory (32 bit) - Success" - ID 336
20:58:54:226 (23/10/2024) - READ  MEM Access, AP 0x00000000, Addr 0xE000EDF0, Val 0x00030003, "DAP Read Memory (32 bit) - Success" - ID 337
20:58:54:226 (23/10/2024) - READ  MEM Access, AP 0x00000000, Addr 0xE000EDF0, Val 0x00030003, "DAP Read Memory (32 bit) - Success" - ID 338
20:58:54:228 (23/10/2024) - READ  MEM Access, AP 0x00000000, Addr 0xE000EDF0, Val 0x00030003, "DAP Read Memory (32 bit) - Success" - ID 339
20:58:54:228 (23/10/2024) - READ  MEM Access, AP 0x00000000, Addr 0xE000EDF0, Val 0x00030003, "DAP Read Memory (32 bit) - Success" - ID 340
20:58:54:230 (23/10/2024) - READ  MEM Access, AP 0x00000000, Addr 0xE000EDF0, Val 0x00030003, "DAP Read Memory (32 bit) - Success" - ID 341
20:58:54:231 (23/10/2024) - READ  MEM Access, AP 0x00000000, Addr 0xE000EDF0, Val 0x00030003, "DAP Read Memory (32 bit) - Success" - ID 342
20:58:54:232 (23/10/2024) - READ  MEM Access, AP 0x00000000, Addr 0xE000EDF0, Val 0x00030003, "DAP Read Memory (32 bit) - Success" - ID 343
20:58:54:233 (23/10/2024) - READ  MEM Access, AP 0x00000000, Addr 0xE000EDF0, Val 0x00030003, "DAP Read Memory (32 bit) - Success" - ID 344
20:58:54:234 (23/10/2024) - READ  MEM Access, AP 0x00000000, Addr 0xE000EDF0, Val 0x00030003, "DAP Read Memory (32 bit) - Success" - ID 345
20:58:54:235 (23/10/2024) - READ  MEM Access, AP 0x00000000, Addr 0xE000EDF0, Val 0x00030003, "DAP Read Memory (32 bit) - Success" - ID 346
20:58:54:236 (23/10/2024) - READ  MEM Access, AP 0x00000000, Addr 0xE000EDF0, Val 0x00030003, "DAP Read Memory (32 bit) - Success" - ID 347
20:58:54:236 (23/10/2024) - READ  MEM Access, AP 0x00000000, Addr 0xE000EDF0, Val 0x00030003, "DAP Read Memory (32 bit) - Success" - ID 348
20:58:54:237 (23/10/2024) - READ  MEM Access, AP 0x00000000, Addr 0xE000EDF0, Val 0x00030003, "DAP Read Memory (32 bit) - Success" - ID 349
20:58:54:238 (23/10/2024) - READ  MEM Access, AP 0x00000000, Addr 0xE000EDF0, Val 0x00030003, "DAP Read Memory (32 bit) - Success" - ID 350
20:58:54:239 (23/10/2024) - READ  MEM Access, AP 0x00000000, Addr 0xE000EDF0, Val 0x00030003, "DAP Read Memory (32 bit) - Success" - ID 351
20:58:54:241 (23/10/2024) - READ  MEM Access, AP 0x00000000, Addr 0xE000EDF0, Val 0x00030003, "DAP Read Memory (32 bit) - Success" - ID 352
20:58:54:242 (23/10/2024) - READ  MEM Access, AP 0x00000000, Addr 0xE000EDF0, Val 0x00030003, "DAP Read Memory (32 bit) - Success" - ID 353
20:58:54:243 (23/10/2024) - READ  MEM Access, AP 0x00000000, Addr 0xE000EDF0, Val 0x00030003, "DAP Read Memory (32 bit) - Success" - ID 354
20:58:54:244 (23/10/2024) - READ  MEM Access, AP 0x00000000, Addr 0xE000EDF0, Val 0x00030003, "DAP Read Memory (32 bit) - Success" - ID 355
20:58:54:245 (23/10/2024) - READ  MEM Access, AP 0x00000000, Addr 0xE000EDF0, Val 0x00030003, "DAP Read Memory (32 bit) - Success" - ID 356
20:58:54:246 (23/10/2024) - READ  MEM Access, AP 0x00000000, Addr 0xE000EDF0, Val 0x00030003, "DAP Read Memory (32 bit) - Success" - ID 357
20:58:54:247 (23/10/2024) - READ  MEM Access, AP 0x00000000, Addr 0xE000EDF0, Val 0x00030003, "DAP Read Memory (32 bit) - Success" - ID 358
20:58:54:248 (23/10/2024) - READ  MEM Access, AP 0x00000000, Addr 0xE000EDF0, Val 0x00030003, "DAP Read Memory (32 bit) - Success" - ID 359
20:58:54:249 (23/10/2024) - READ  MEM Access, AP 0x00000000, Addr 0xE000EDF0, Val 0x00030003, "DAP Read Memory (32 bit) - Success" - ID 360
20:58:54:250 (23/10/2024) - READ  MEM Access, AP 0x00000000, Addr 0xE000EDF0, Val 0x00030003, "DAP Read Memory (32 bit) - Success" - ID 361
20:58:54:251 (23/10/2024) - READ  MEM Access, AP 0x00000000, Addr 0xE000EDF0, Val 0x00030003, "DAP Read Memory (32 bit) - Success" - ID 362
20:58:54:252 (23/10/2024) - READ  MEM Access, AP 0x00000000, Addr 0xE000EDF0, Val 0x00030003, "DAP Read Memory (32 bit) - Success" - ID 363
20:58:54:253 (23/10/2024) - READ  MEM Access, AP 0x00000000, Addr 0xE000EDF0, Val 0x00030003, "DAP Read Memory (32 bit) - Success" - ID 364
20:58:54:253 (23/10/2024) - READ  MEM Access, AP 0x00000000, Addr 0xE000EDF0, Val 0x00030003, "DAP Read Memory (32 bit) - Success" - ID 365
20:58:54:254 (23/10/2024) - READ  MEM Access, AP 0x00000000, Addr 0xE000EDF0, Val 0x00030003, "DAP Read Memory (32 bit) - Success" - ID 366
20:58:54:256 (23/10/2024) - READ  MEM Access, AP 0x00000000, Addr 0xE000EDF0, Val 0x00030003, "DAP Read Memory (32 bit) - Success" - ID 367
20:58:54:257 (23/10/2024) - READ  MEM Access, AP 0x00000000, Addr 0xE000EDF0, Val 0x00030003, "DAP Read Memory (32 bit) - Success" - ID 368
20:58:54:258 (23/10/2024) - READ  MEM Access, AP 0x00000000, Addr 0xE000EDF0, Val 0x00030003, "DAP Read Memory (32 bit) - Success" - ID 369
20:58:54:259 (23/10/2024) - READ  MEM Access, AP 0x00000000, Addr 0xE000EDF0, Val 0x00030003, "DAP Read Memory (32 bit) - Success" - ID 370
20:58:54:260 (23/10/2024) - READ  MEM Access, AP 0x00000000, Addr 0xE000EDF0, Val 0x00030003, "DAP Read Memory (32 bit) - Success" - ID 371
20:58:54:261 (23/10/2024) - READ  MEM Access, AP 0x00000000, Addr 0xE000EDF0, Val 0x00030003, "DAP Read Memory (32 bit) - Success" - ID 372
20:58:54:261 (23/10/2024) - READ  MEM Access, AP 0x00000000, Addr 0xE000EDF0, Val 0x00030003, "DAP Read Memory (32 bit) - Success" - ID 373
20:58:54:262 (23/10/2024) - READ  MEM Access, AP 0x00000000, Addr 0xE000EDF0, Val 0x00030003, "DAP Read Memory (32 bit) - Success" - ID 374
20:58:54:264 (23/10/2024) - READ  MEM Access, AP 0x00000000, Addr 0xE000EDF0, Val 0x00030003, "DAP Read Memory (32 bit) - Success" - ID 375
20:58:54:264 (23/10/2024) - READ  MEM Access, AP 0x00000000, Addr 0xE000EDF0, Val 0x00030003, "DAP Read Memory (32 bit) - Success" - ID 376
20:58:54:265 (23/10/2024) - READ  MEM Access, AP 0x00000000, Addr 0xE000EDF0, Val 0x00030003, "DAP Read Memory (32 bit) - Success" - ID 377
20:58:54:266 (23/10/2024) - READ  MEM Access, AP 0x00000000, Addr 0xE000EDF0, Val 0x00030003, "DAP Read Memory (32 bit) - Success" - ID 378
20:58:54:267 (23/10/2024) - READ  MEM Access, AP 0x00000000, Addr 0xE000EDF0, Val 0x00030003, "DAP Read Memory (32 bit) - Success" - ID 379
20:58:54:268 (23/10/2024) - READ  MEM Access, AP 0x00000000, Addr 0xE000EDF0, Val 0x00030003, "DAP Read Memory (32 bit) - Success" - ID 380
20:58:54:269 (23/10/2024) - READ  MEM Access, AP 0x00000000, Addr 0xE000EDF0, Val 0x00030003, "DAP Read Memory (32 bit) - Success" - ID 381
20:58:54:270 (23/10/2024) - READ  MEM Access, AP 0x00000000, Addr 0xE000EDF0, Val 0x00030003, "DAP Read Memory (32 bit) - Success" - ID 382
20:58:54:272 (23/10/2024) - READ  MEM Access, AP 0x00000000, Addr 0xE000EDF0, Val 0x00030003, "DAP Read Memory (32 bit) - Success" - ID 383
20:58:54:273 (23/10/2024) - READ  MEM Access, AP 0x00000000, Addr 0xE000EDF0, Val 0x00030003, "DAP Read Memory (32 bit) - Success" - ID 384
20:58:54:276 (23/10/2024) - READ  MEM Access, AP 0x00000000, Addr 0xE000EDF0, Val 0x00030003, "DAP Read Memory (32 bit) - Success" - ID 385
20:58:54:291 (23/10/2024) - WRITE MEM BLOCK Access, AP 0x00000000, Start Addr 0x20000000, End Addr 0x20000163, "DAP Write Memory Block - Success" - ID 386
  Item #0, AP 0, Addr 0x20000000, Value 0xE00ABE00
  Item #1, AP 0, Addr 0x20000004, Value 0x062D780D
  Item #2, AP 0, Addr 0x20000008, Value 0x24084068
  Item #3, AP 0, Addr 0x2000000C, Value 0xD3000040
  Item #4, AP 0, Addr 0x20000010, Value 0x1E644058
  Item #5, AP 0, Addr 0x20000014, Value 0x1C49D1FA
  Item #6, AP 0, Addr 0x20000018, Value 0x2A001E52
  Item #7, AP 0, Addr 0x2000001C, Value 0x4770D1F2
  Item #8, AP 0, Addr 0x20000020, Value 0x7803E005
  Item #9, AP 0, Addr 0x20000024, Value 0x42931C40
  Item #10, AP 0, Addr 0x20000028, Value 0x2001D001
  Item #11, AP 0, Addr 0x2000002C, Value 0x1E494770
  Item #12, AP 0, Addr 0x20000030, Value 0x2000D2F7
  Item #13, AP 0, Addr 0x20000034, Value 0x00004770
  Item #14, AP 0, Addr 0x20000038, Value 0x4603B510
  Item #15, AP 0, Addr 0x2000003C, Value 0x4C442000
  Item #16, AP 0, Addr 0x20000040, Value 0x48446020
  Item #17, AP 0, Addr 0x20000044, Value 0x48446060
  Item #18, AP 0, Addr 0x20000048, Value 0x46206060
  Item #19, AP 0, Addr 0x2000004C, Value 0xF01069C0
  Item #20, AP 0, Addr 0x20000050, Value 0xD1080F04
  Item #21, AP 0, Addr 0x20000054, Value 0x5055F245
  Item #22, AP 0, Addr 0x20000058, Value 0x60204C40
  Item #23, AP 0, Addr 0x2000005C, Value 0x60602006
  Item #24, AP 0, Addr 0x20000060, Value 0x70FFF640
  Item #25, AP 0, Addr 0x20000064, Value 0x200060A0
  Item #26, AP 0, Addr 0x20000068, Value 0x4601BD10
  Item #27, AP 0, Addr 0x2000006C, Value 0x69004838
  Item #28, AP 0, Addr 0x20000070, Value 0x0080F040
  Item #29, AP 0, Addr 0x20000074, Value 0x61104A36
  Item #30, AP 0, Addr 0x20000078, Value 0x47702000
  Item #31, AP 0, Addr 0x2000007C, Value 0x69004834
  Item #32, AP 0, Addr 0x20000080, Value 0x0004F040
  Item #33, AP 0, Addr 0x20000084, Value 0x61084932
  Item #34, AP 0, Addr 0x20000088, Value 0x69004608
  Item #35, AP 0, Addr 0x2000008C, Value 0x0040F040
  Item #36, AP 0, Addr 0x20000090, Value 0xE0036108
  Item #37, AP 0, Addr 0x20000094, Value 0x20AAF64A
  Item #38, AP 0, Addr 0x20000098, Value 0x60084930
  Item #39, AP 0, Addr 0x2000009C, Value 0x68C0482C
  Item #40, AP 0, Addr 0x200000A0, Value 0x0F01F010
  Item #41, AP 0, Addr 0x200000A4, Value 0x482AD1F6
  Item #42, AP 0, Addr 0x200000A8, Value 0xF0206900
  Item #43, AP 0, Addr 0x200000AC, Value 0x49280004
  Item #44, AP 0, Addr 0x200000B0, Value 0x20006108
  Item #45, AP 0, Addr 0x200000B4, Value 0x46014770
  Item #46, AP 0, Addr 0x200000B8, Value 0x69004825
  Item #47, AP 0, Addr 0x200000BC, Value 0x0002F040
  Item #48, AP 0, Addr 0x200000C0, Value 0x61104A23
  Item #49, AP 0, Addr 0x200000C4, Value 0x61414610
  Item #50, AP 0, Addr 0x200000C8, Value 0xF0406900
  Item #51, AP 0, Addr 0x200000CC, Value 0x61100040
  Item #52, AP 0, Addr 0x200000D0, Value 0xF64AE003
  Item #53, AP 0, Addr 0x200000D4, Value 0x4A2120AA
  Item #54, AP 0, Addr 0x200000D8, Value 0x481D6010
  Item #55, AP 0, Addr 0x200000DC, Value 0xF01068C0
  Item #56, AP 0, Addr 0x200000E0, Value 0xD1F60F01
  Item #57, AP 0, Addr 0x200000E4, Value 0x6900481A
  Item #58, AP 0, Addr 0x200000E8, Value 0x0002F020
  Item #59, AP 0, Addr 0x200000EC, Value 0x61104A18
  Item #60, AP 0, Addr 0x200000F0, Value 0x47702000
  Item #61, AP 0, Addr 0x200000F4, Value 0x4603B510
  Item #62, AP 0, Addr 0x200000F8, Value 0xF0201C48
  Item #63, AP 0, Addr 0x200000FC, Value 0xE0220101
  Item #64, AP 0, Addr 0x20000100, Value 0x69004813
  Item #65, AP 0, Addr 0x20000104, Value 0x0001F040
  Item #66, AP 0, Addr 0x20000108, Value 0x61204C11
  Item #67, AP 0, Addr 0x2000010C, Value 0x80188810
  Item #68, AP 0, Addr 0x20000110, Value 0x480FBF00
  Item #69, AP 0, Addr 0x20000114, Value 0xF01068C0
  Item #70, AP 0, Addr 0x20000118, Value 0xD1FA0F01
  Item #71, AP 0, Addr 0x2000011C, Value 0x6900480C
  Item #72, AP 0, Addr 0x20000120, Value 0x0001F020
  Item #73, AP 0, Addr 0x20000124, Value 0x61204C0A
  Item #74, AP 0, Addr 0x20000128, Value 0x68C04620
  Item #75, AP 0, Addr 0x2000012C, Value 0x0F14F010
  Item #76, AP 0, Addr 0x20000130, Value 0x4620D006
  Item #77, AP 0, Addr 0x20000134, Value 0xF04068C0
  Item #78, AP 0, Addr 0x20000138, Value 0x60E00014
  Item #79, AP 0, Addr 0x2000013C, Value 0xBD102001
  Item #80, AP 0, Addr 0x20000140, Value 0x1C921C9B
  Item #81, AP 0, Addr 0x20000144, Value 0x29001E89
  Item #82, AP 0, Addr 0x20000148, Value 0x2000D1DA
  Item #83, AP 0, Addr 0x2000014C, Value 0x0000E7F7
  Item #84, AP 0, Addr 0x20000150, Value 0x40022000
  Item #85, AP 0, Addr 0x20000154, Value 0x45670123
  Item #86, AP 0, Addr 0x20000158, Value 0xCDEF89AB
  Item #87, AP 0, Addr 0x2000015C, Value 0x40003000
  Item #88, AP 0, Addr 0x20000160, Value 0x00000000
20:58:54:302 (23/10/2024) - READ  MEM BLOCK Access, AP 0x00000000, Start Addr 0x20000000, End Addr 0x20000163, "DAP Read Memory Block - Success" - ID 387
  Item #0, AP 0, Addr 0x20000000, Value 0xE00ABE00
  Item #1, AP 0, Addr 0x20000004, Value 0x062D780D
  Item #2, AP 0, Addr 0x20000008, Value 0x24084068
  Item #3, AP 0, Addr 0x2000000C, Value 0xD3000040
  Item #4, AP 0, Addr 0x20000010, Value 0x1E644058
  Item #5, AP 0, Addr 0x20000014, Value 0x1C49D1FA
  Item #6, AP 0, Addr 0x20000018, Value 0x2A001E52
  Item #7, AP 0, Addr 0x2000001C, Value 0x4770D1F2
  Item #8, AP 0, Addr 0x20000020, Value 0x7803E005
  Item #9, AP 0, Addr 0x20000024, Value 0x42931C40
  Item #10, AP 0, Addr 0x20000028, Value 0x2001D001
  Item #11, AP 0, Addr 0x2000002C, Value 0x1E494770
  Item #12, AP 0, Addr 0x20000030, Value 0x2000D2F7
  Item #13, AP 0, Addr 0x20000034, Value 0x00004770
  Item #14, AP 0, Addr 0x20000038, Value 0x4603B510
  Item #15, AP 0, Addr 0x2000003C, Value 0x4C442000
  Item #16, AP 0, Addr 0x20000040, Value 0x48446020
  Item #17, AP 0, Addr 0x20000044, Value 0x48446060
  Item #18, AP 0, Addr 0x20000048, Value 0x46206060
  Item #19, AP 0, Addr 0x2000004C, Value 0xF01069C0
  Item #20, AP 0, Addr 0x20000050, Value 0xD1080F04
  Item #21, AP 0, Addr 0x20000054, Value 0x5055F245
  Item #22, AP 0, Addr 0x20000058, Value 0x60204C40
  Item #23, AP 0, Addr 0x2000005C, Value 0x60602006
  Item #24, AP 0, Addr 0x20000060, Value 0x70FFF640
  Item #25, AP 0, Addr 0x20000064, Value 0x200060A0
  Item #26, AP 0, Addr 0x20000068, Value 0x4601BD10
  Item #27, AP 0, Addr 0x2000006C, Value 0x69004838
  Item #28, AP 0, Addr 0x20000070, Value 0x0080F040
  Item #29, AP 0, Addr 0x20000074, Value 0x61104A36
  Item #30, AP 0, Addr 0x20000078, Value 0x47702000
  Item #31, AP 0, Addr 0x2000007C, Value 0x69004834
  Item #32, AP 0, Addr 0x20000080, Value 0x0004F040
  Item #33, AP 0, Addr 0x20000084, Value 0x61084932
  Item #34, AP 0, Addr 0x20000088, Value 0x69004608
  Item #35, AP 0, Addr 0x2000008C, Value 0x0040F040
  Item #36, AP 0, Addr 0x20000090, Value 0xE0036108
  Item #37, AP 0, Addr 0x20000094, Value 0x20AAF64A
  Item #38, AP 0, Addr 0x20000098, Value 0x60084930
  Item #39, AP 0, Addr 0x2000009C, Value 0x68C0482C
  Item #40, AP 0, Addr 0x200000A0, Value 0x0F01F010
  Item #41, AP 0, Addr 0x200000A4, Value 0x482AD1F6
  Item #42, AP 0, Addr 0x200000A8, Value 0xF0206900
  Item #43, AP 0, Addr 0x200000AC, Value 0x49280004
  Item #44, AP 0, Addr 0x200000B0, Value 0x20006108
  Item #45, AP 0, Addr 0x200000B4, Value 0x46014770
  Item #46, AP 0, Addr 0x200000B8, Value 0x69004825
  Item #47, AP 0, Addr 0x200000BC, Value 0x0002F040
  Item #48, AP 0, Addr 0x200000C0, Value 0x61104A23
  Item #49, AP 0, Addr 0x200000C4, Value 0x61414610
  Item #50, AP 0, Addr 0x200000C8, Value 0xF0406900
  Item #51, AP 0, Addr 0x200000CC, Value 0x61100040
  Item #52, AP 0, Addr 0x200000D0, Value 0xF64AE003
  Item #53, AP 0, Addr 0x200000D4, Value 0x4A2120AA
  Item #54, AP 0, Addr 0x200000D8, Value 0x481D6010
  Item #55, AP 0, Addr 0x200000DC, Value 0xF01068C0
  Item #56, AP 0, Addr 0x200000E0, Value 0xD1F60F01
  Item #57, AP 0, Addr 0x200000E4, Value 0x6900481A
  Item #58, AP 0, Addr 0x200000E8, Value 0x0002F020
  Item #59, AP 0, Addr 0x200000EC, Value 0x61104A18
  Item #60, AP 0, Addr 0x200000F0, Value 0x47702000
  Item #61, AP 0, Addr 0x200000F4, Value 0x4603B510
  Item #62, AP 0, Addr 0x200000F8, Value 0xF0201C48
  Item #63, AP 0, Addr 0x200000FC, Value 0xE0220101
  Item #64, AP 0, Addr 0x20000100, Value 0x69004813
  Item #65, AP 0, Addr 0x20000104, Value 0x0001F040
  Item #66, AP 0, Addr 0x20000108, Value 0x61204C11
  Item #67, AP 0, Addr 0x2000010C, Value 0x80188810
  Item #68, AP 0, Addr 0x20000110, Value 0x480FBF00
  Item #69, AP 0, Addr 0x20000114, Value 0xF01068C0
  Item #70, AP 0, Addr 0x20000118, Value 0xD1FA0F01
  Item #71, AP 0, Addr 0x2000011C, Value 0x6900480C
  Item #72, AP 0, Addr 0x20000120, Value 0x0001F020
  Item #73, AP 0, Addr 0x20000124, Value 0x61204C0A
  Item #74, AP 0, Addr 0x20000128, Value 0x68C04620
  Item #75, AP 0, Addr 0x2000012C, Value 0x0F14F010
  Item #76, AP 0, Addr 0x20000130, Value 0x4620D006
  Item #77, AP 0, Addr 0x20000134, Value 0xF04068C0
  Item #78, AP 0, Addr 0x20000138, Value 0x60E00014
  Item #79, AP 0, Addr 0x2000013C, Value 0xBD102001
  Item #80, AP 0, Addr 0x20000140, Value 0x1C921C9B
  Item #81, AP 0, Addr 0x20000144, Value 0x29001E89
  Item #82, AP 0, Addr 0x20000148, Value 0x2000D1DA
  Item #83, AP 0, Addr 0x2000014C, Value 0x0000E7F7
  Item #84, AP 0, Addr 0x20000150, Value 0x40022000
  Item #85, AP 0, Addr 0x20000154, Value 0x45670123
  Item #86, AP 0, Addr 0x20000158, Value 0xCDEF89AB
  Item #87, AP 0, Addr 0x2000015C, Value 0x40003000
  Item #88, AP 0, Addr 0x20000160, Value 0x00000000
20:58:54:313 (23/10/2024) - READ  MEM Access, AP 0x00000000, Addr 0xE000EDF0, Val 0x01030003, "DAP Read Memory (32 bit) - Success" - ID 388
20:58:54:328 (23/10/2024) - READ  MEM Access, AP 0x00000000, Addr 0xE000EDF0, Val 0x01030003, "DAP Read Memory (32 bit) - Success" - ID 389
20:58:54:343 (23/10/2024) - READ  MEM Access, AP 0x00000000, Addr 0xE000EDF0, Val 0x01030003, "DAP Read Memory (32 bit) - Success" - ID 390
20:58:54:356 (23/10/2024) - READ  MEM Access, AP 0x00000000, Addr 0xE000EDF0, Val 0x01030003, "DAP Read Memory (32 bit) - Success" - ID 391
20:58:54:372 (23/10/2024) - READ  MEM Access, AP 0x00000000, Addr 0xE000EDF0, Val 0x01030003, "DAP Read Memory (32 bit) - Success" - ID 392
20:58:54:386 (23/10/2024) - READ  MEM Access, AP 0x00000000, Addr 0xE000EDF0, Val 0x01030003, "DAP Read Memory (32 bit) - Success" - ID 393
20:58:54:400 (23/10/2024) - READ  MEM Access, AP 0x00000000, Addr 0xE000EDF0, Val 0x01030003, "DAP Read Memory (32 bit) - Success" - ID 394
20:58:54:482 (23/10/2024) - WRITE MEM BLOCK Access, AP 0x00000000, Start Addr 0x20000000, End Addr 0x20000163, "DAP Write Memory Block - Success" - ID 395
  Item #0, AP 0, Addr 0x20000000, Value 0xE00ABE00
  Item #1, AP 0, Addr 0x20000004, Value 0x062D780D
  Item #2, AP 0, Addr 0x20000008, Value 0x24084068
  Item #3, AP 0, Addr 0x2000000C, Value 0xD3000040
  Item #4, AP 0, Addr 0x20000010, Value 0x1E644058
  Item #5, AP 0, Addr 0x20000014, Value 0x1C49D1FA
  Item #6, AP 0, Addr 0x20000018, Value 0x2A001E52
  Item #7, AP 0, Addr 0x2000001C, Value 0x4770D1F2
  Item #8, AP 0, Addr 0x20000020, Value 0x7803E005
  Item #9, AP 0, Addr 0x20000024, Value 0x42931C40
  Item #10, AP 0, Addr 0x20000028, Value 0x2001D001
  Item #11, AP 0, Addr 0x2000002C, Value 0x1E494770
  Item #12, AP 0, Addr 0x20000030, Value 0x2000D2F7
  Item #13, AP 0, Addr 0x20000034, Value 0x00004770
  Item #14, AP 0, Addr 0x20000038, Value 0x4603B510
  Item #15, AP 0, Addr 0x2000003C, Value 0x4C442000
  Item #16, AP 0, Addr 0x20000040, Value 0x48446020
  Item #17, AP 0, Addr 0x20000044, Value 0x48446060
  Item #18, AP 0, Addr 0x20000048, Value 0x46206060
  Item #19, AP 0, Addr 0x2000004C, Value 0xF01069C0
  Item #20, AP 0, Addr 0x20000050, Value 0xD1080F04
  Item #21, AP 0, Addr 0x20000054, Value 0x5055F245
  Item #22, AP 0, Addr 0x20000058, Value 0x60204C40
  Item #23, AP 0, Addr 0x2000005C, Value 0x60602006
  Item #24, AP 0, Addr 0x20000060, Value 0x70FFF640
  Item #25, AP 0, Addr 0x20000064, Value 0x200060A0
  Item #26, AP 0, Addr 0x20000068, Value 0x4601BD10
  Item #27, AP 0, Addr 0x2000006C, Value 0x69004838
  Item #28, AP 0, Addr 0x20000070, Value 0x0080F040
  Item #29, AP 0, Addr 0x20000074, Value 0x61104A36
  Item #30, AP 0, Addr 0x20000078, Value 0x47702000
  Item #31, AP 0, Addr 0x2000007C, Value 0x69004834
  Item #32, AP 0, Addr 0x20000080, Value 0x0004F040
  Item #33, AP 0, Addr 0x20000084, Value 0x61084932
  Item #34, AP 0, Addr 0x20000088, Value 0x69004608
  Item #35, AP 0, Addr 0x2000008C, Value 0x0040F040
  Item #36, AP 0, Addr 0x20000090, Value 0xE0036108
  Item #37, AP 0, Addr 0x20000094, Value 0x20AAF64A
  Item #38, AP 0, Addr 0x20000098, Value 0x60084930
  Item #39, AP 0, Addr 0x2000009C, Value 0x68C0482C
  Item #40, AP 0, Addr 0x200000A0, Value 0x0F01F010
  Item #41, AP 0, Addr 0x200000A4, Value 0x482AD1F6
  Item #42, AP 0, Addr 0x200000A8, Value 0xF0206900
  Item #43, AP 0, Addr 0x200000AC, Value 0x49280004
  Item #44, AP 0, Addr 0x200000B0, Value 0x20006108
  Item #45, AP 0, Addr 0x200000B4, Value 0x46014770
  Item #46, AP 0, Addr 0x200000B8, Value 0x69004825
  Item #47, AP 0, Addr 0x200000BC, Value 0x0002F040
  Item #48, AP 0, Addr 0x200000C0, Value 0x61104A23
  Item #49, AP 0, Addr 0x200000C4, Value 0x61414610
  Item #50, AP 0, Addr 0x200000C8, Value 0xF0406900
  Item #51, AP 0, Addr 0x200000CC, Value 0x61100040
  Item #52, AP 0, Addr 0x200000D0, Value 0xF64AE003
  Item #53, AP 0, Addr 0x200000D4, Value 0x4A2120AA
  Item #54, AP 0, Addr 0x200000D8, Value 0x481D6010
  Item #55, AP 0, Addr 0x200000DC, Value 0xF01068C0
  Item #56, AP 0, Addr 0x200000E0, Value 0xD1F60F01
  Item #57, AP 0, Addr 0x200000E4, Value 0x6900481A
  Item #58, AP 0, Addr 0x200000E8, Value 0x0002F020
  Item #59, AP 0, Addr 0x200000EC, Value 0x61104A18
  Item #60, AP 0, Addr 0x200000F0, Value 0x47702000
  Item #61, AP 0, Addr 0x200000F4, Value 0x4603B510
  Item #62, AP 0, Addr 0x200000F8, Value 0xF0201C48
  Item #63, AP 0, Addr 0x200000FC, Value 0xE0220101
  Item #64, AP 0, Addr 0x20000100, Value 0x69004813
  Item #65, AP 0, Addr 0x20000104, Value 0x0001F040
  Item #66, AP 0, Addr 0x20000108, Value 0x61204C11
  Item #67, AP 0, Addr 0x2000010C, Value 0x80188810
  Item #68, AP 0, Addr 0x20000110, Value 0x480FBF00
  Item #69, AP 0, Addr 0x20000114, Value 0xF01068C0
  Item #70, AP 0, Addr 0x20000118, Value 0xD1FA0F01
  Item #71, AP 0, Addr 0x2000011C, Value 0x6900480C
  Item #72, AP 0, Addr 0x20000120, Value 0x0001F020
  Item #73, AP 0, Addr 0x20000124, Value 0x61204C0A
  Item #74, AP 0, Addr 0x20000128, Value 0x68C04620
  Item #75, AP 0, Addr 0x2000012C, Value 0x0F14F010
  Item #76, AP 0, Addr 0x20000130, Value 0x4620D006
  Item #77, AP 0, Addr 0x20000134, Value 0xF04068C0
  Item #78, AP 0, Addr 0x20000138, Value 0x60E00014
  Item #79, AP 0, Addr 0x2000013C, Value 0xBD102001
  Item #80, AP 0, Addr 0x20000140, Value 0x1C921C9B
  Item #81, AP 0, Addr 0x20000144, Value 0x29001E89
  Item #82, AP 0, Addr 0x20000148, Value 0x2000D1DA
  Item #83, AP 0, Addr 0x2000014C, Value 0x0000E7F7
  Item #84, AP 0, Addr 0x20000150, Value 0x40022000
  Item #85, AP 0, Addr 0x20000154, Value 0x45670123
  Item #86, AP 0, Addr 0x20000158, Value 0xCDEF89AB
  Item #87, AP 0, Addr 0x2000015C, Value 0x40003000
  Item #88, AP 0, Addr 0x20000160, Value 0x00000000
20:58:54:492 (23/10/2024) - READ  MEM BLOCK Access, AP 0x00000000, Start Addr 0x20000000, End Addr 0x20000163, "DAP Read Memory Block - Success" - ID 396
  Item #0, AP 0, Addr 0x20000000, Value 0xE00ABE00
  Item #1, AP 0, Addr 0x20000004, Value 0x062D780D
  Item #2, AP 0, Addr 0x20000008, Value 0x24084068
  Item #3, AP 0, Addr 0x2000000C, Value 0xD3000040
  Item #4, AP 0, Addr 0x20000010, Value 0x1E644058
  Item #5, AP 0, Addr 0x20000014, Value 0x1C49D1FA
  Item #6, AP 0, Addr 0x20000018, Value 0x2A001E52
  Item #7, AP 0, Addr 0x2000001C, Value 0x4770D1F2
  Item #8, AP 0, Addr 0x20000020, Value 0x7803E005
  Item #9, AP 0, Addr 0x20000024, Value 0x42931C40
  Item #10, AP 0, Addr 0x20000028, Value 0x2001D001
  Item #11, AP 0, Addr 0x2000002C, Value 0x1E494770
  Item #12, AP 0, Addr 0x20000030, Value 0x2000D2F7
  Item #13, AP 0, Addr 0x20000034, Value 0x00004770
  Item #14, AP 0, Addr 0x20000038, Value 0x4603B510
  Item #15, AP 0, Addr 0x2000003C, Value 0x4C442000
  Item #16, AP 0, Addr 0x20000040, Value 0x48446020
  Item #17, AP 0, Addr 0x20000044, Value 0x48446060
  Item #18, AP 0, Addr 0x20000048, Value 0x46206060
  Item #19, AP 0, Addr 0x2000004C, Value 0xF01069C0
  Item #20, AP 0, Addr 0x20000050, Value 0xD1080F04
  Item #21, AP 0, Addr 0x20000054, Value 0x5055F245
  Item #22, AP 0, Addr 0x20000058, Value 0x60204C40
  Item #23, AP 0, Addr 0x2000005C, Value 0x60602006
  Item #24, AP 0, Addr 0x20000060, Value 0x70FFF640
  Item #25, AP 0, Addr 0x20000064, Value 0x200060A0
  Item #26, AP 0, Addr 0x20000068, Value 0x4601BD10
  Item #27, AP 0, Addr 0x2000006C, Value 0x69004838
  Item #28, AP 0, Addr 0x20000070, Value 0x0080F040
  Item #29, AP 0, Addr 0x20000074, Value 0x61104A36
  Item #30, AP 0, Addr 0x20000078, Value 0x47702000
  Item #31, AP 0, Addr 0x2000007C, Value 0x69004834
  Item #32, AP 0, Addr 0x20000080, Value 0x0004F040
  Item #33, AP 0, Addr 0x20000084, Value 0x61084932
  Item #34, AP 0, Addr 0x20000088, Value 0x69004608
  Item #35, AP 0, Addr 0x2000008C, Value 0x0040F040
  Item #36, AP 0, Addr 0x20000090, Value 0xE0036108
  Item #37, AP 0, Addr 0x20000094, Value 0x20AAF64A
  Item #38, AP 0, Addr 0x20000098, Value 0x60084930
  Item #39, AP 0, Addr 0x2000009C, Value 0x68C0482C
  Item #40, AP 0, Addr 0x200000A0, Value 0x0F01F010
  Item #41, AP 0, Addr 0x200000A4, Value 0x482AD1F6
  Item #42, AP 0, Addr 0x200000A8, Value 0xF0206900
  Item #43, AP 0, Addr 0x200000AC, Value 0x49280004
  Item #44, AP 0, Addr 0x200000B0, Value 0x20006108
  Item #45, AP 0, Addr 0x200000B4, Value 0x46014770
  Item #46, AP 0, Addr 0x200000B8, Value 0x69004825
  Item #47, AP 0, Addr 0x200000BC, Value 0x0002F040
  Item #48, AP 0, Addr 0x200000C0, Value 0x61104A23
  Item #49, AP 0, Addr 0x200000C4, Value 0x61414610
  Item #50, AP 0, Addr 0x200000C8, Value 0xF0406900
  Item #51, AP 0, Addr 0x200000CC, Value 0x61100040
  Item #52, AP 0, Addr 0x200000D0, Value 0xF64AE003
  Item #53, AP 0, Addr 0x200000D4, Value 0x4A2120AA
  Item #54, AP 0, Addr 0x200000D8, Value 0x481D6010
  Item #55, AP 0, Addr 0x200000DC, Value 0xF01068C0
  Item #56, AP 0, Addr 0x200000E0, Value 0xD1F60F01
  Item #57, AP 0, Addr 0x200000E4, Value 0x6900481A
  Item #58, AP 0, Addr 0x200000E8, Value 0x0002F020
  Item #59, AP 0, Addr 0x200000EC, Value 0x61104A18
  Item #60, AP 0, Addr 0x200000F0, Value 0x47702000
  Item #61, AP 0, Addr 0x200000F4, Value 0x4603B510
  Item #62, AP 0, Addr 0x200000F8, Value 0xF0201C48
  Item #63, AP 0, Addr 0x200000FC, Value 0xE0220101
  Item #64, AP 0, Addr 0x20000100, Value 0x69004813
  Item #65, AP 0, Addr 0x20000104, Value 0x0001F040
  Item #66, AP 0, Addr 0x20000108, Value 0x61204C11
  Item #67, AP 0, Addr 0x2000010C, Value 0x80188810
  Item #68, AP 0, Addr 0x20000110, Value 0x480FBF00
  Item #69, AP 0, Addr 0x20000114, Value 0xF01068C0
  Item #70, AP 0, Addr 0x20000118, Value 0xD1FA0F01
  Item #71, AP 0, Addr 0x2000011C, Value 0x6900480C
  Item #72, AP 0, Addr 0x20000120, Value 0x0001F020
  Item #73, AP 0, Addr 0x20000124, Value 0x61204C0A
  Item #74, AP 0, Addr 0x20000128, Value 0x68C04620
  Item #75, AP 0, Addr 0x2000012C, Value 0x0F14F010
  Item #76, AP 0, Addr 0x20000130, Value 0x4620D006
  Item #77, AP 0, Addr 0x20000134, Value 0xF04068C0
  Item #78, AP 0, Addr 0x20000138, Value 0x60E00014
  Item #79, AP 0, Addr 0x2000013C, Value 0xBD102001
  Item #80, AP 0, Addr 0x20000140, Value 0x1C921C9B
  Item #81, AP 0, Addr 0x20000144, Value 0x29001E89
  Item #82, AP 0, Addr 0x20000148, Value 0x2000D1DA
  Item #83, AP 0, Addr 0x2000014C, Value 0x0000E7F7
  Item #84, AP 0, Addr 0x20000150, Value 0x40022000
  Item #85, AP 0, Addr 0x20000154, Value 0x45670123
  Item #86, AP 0, Addr 0x20000158, Value 0xCDEF89AB
  Item #87, AP 0, Addr 0x2000015C, Value 0x40003000
  Item #88, AP 0, Addr 0x20000160, Value 0x00000000
20:58:54:503 (23/10/2024) - READ  MEM Access, AP 0x00000000, Addr 0xE000EDF0, Val 0x01030003, "DAP Read Memory (32 bit) - Success" - ID 397
20:58:54:533 (23/10/2024) - WRITE MEM BLOCK Access, AP 0x00000000, Start Addr 0x20000164, End Addr 0x20000563, "DAP Write Memory Block - Success" - ID 398
  Item #0, AP 0, Addr 0x20000164, Value 0x20000C98
  Item #1, AP 0, Addr 0x20000168, Value 0x080001CD
  Item #2, AP 0, Addr 0x2000016C, Value 0x08001E27
  Item #3, AP 0, Addr 0x20000170, Value 0x08001D3B
  Item #4, AP 0, Addr 0x20000174, Value 0x08001E25
  Item #5, AP 0, Addr 0x20000178, Value 0x0800036B
  Item #6, AP 0, Addr 0x2000017C, Value 0x0800252B
  Item #7, AP 0, Addr 0x20000180, Value 0x00000000
  Item #8, AP 0, Addr 0x20000184, Value 0x00000000
  Item #9, AP 0, Addr 0x20000188, Value 0x00000000
  Item #10, AP 0, Addr 0x2000018C, Value 0x00000000
  Item #11, AP 0, Addr 0x20000190, Value 0x08001E2B
  Item #12, AP 0, Addr 0x20000194, Value 0x080003A3
  Item #13, AP 0, Addr 0x20000198, Value 0x00000000
  Item #14, AP 0, Addr 0x2000019C, Value 0x08001E29
  Item #15, AP 0, Addr 0x200001A0, Value 0x08001E2D
  Item #16, AP 0, Addr 0x200001A4, Value 0x080001E7
  Item #17, AP 0, Addr 0x200001A8, Value 0x080001E7
  Item #18, AP 0, Addr 0x200001AC, Value 0x080001E7
  Item #19, AP 0, Addr 0x200001B0, Value 0x080001E7
  Item #20, AP 0, Addr 0x200001B4, Value 0x080001E7
  Item #21, AP 0, Addr 0x200001B8, Value 0x080001E7
  Item #22, AP 0, Addr 0x200001BC, Value 0x080001E7
  Item #23, AP 0, Addr 0x200001C0, Value 0x080001E7
  Item #24, AP 0, Addr 0x200001C4, Value 0x080001E7
  Item #25, AP 0, Addr 0x200001C8, Value 0x080001E7
  Item #26, AP 0, Addr 0x200001CC, Value 0x080001E7
  Item #27, AP 0, Addr 0x200001D0, Value 0x080001E7
  Item #28, AP 0, Addr 0x200001D4, Value 0x080001E7
  Item #29, AP 0, Addr 0x200001D8, Value 0x080001E7
  Item #30, AP 0, Addr 0x200001DC, Value 0x080001E7
  Item #31, AP 0, Addr 0x200001E0, Value 0x080001E7
  Item #32, AP 0, Addr 0x200001E4, Value 0x080001E7
  Item #33, AP 0, Addr 0x200001E8, Value 0x080001E7
  Item #34, AP 0, Addr 0x200001EC, Value 0x080001E7
  Item #35, AP 0, Addr 0x200001F0, Value 0x080001E7
  Item #36, AP 0, Addr 0x200001F4, Value 0x080001E7
  Item #37, AP 0, Addr 0x200001F8, Value 0x080001E7
  Item #38, AP 0, Addr 0x200001FC, Value 0x080001E7
  Item #39, AP 0, Addr 0x20000200, Value 0x080001E7
  Item #40, AP 0, Addr 0x20000204, Value 0x080001E7
  Item #41, AP 0, Addr 0x20000208, Value 0x080001E7
  Item #42, AP 0, Addr 0x2000020C, Value 0x080001E7
  Item #43, AP 0, Addr 0x20000210, Value 0x080001E7
  Item #44, AP 0, Addr 0x20000214, Value 0x080001E7
  Item #45, AP 0, Addr 0x20000218, Value 0x080001E7
  Item #46, AP 0, Addr 0x2000021C, Value 0x080001E7
  Item #47, AP 0, Addr 0x20000220, Value 0x080001E7
  Item #48, AP 0, Addr 0x20000224, Value 0x080001E7
  Item #49, AP 0, Addr 0x20000228, Value 0x080001E7
  Item #50, AP 0, Addr 0x2000022C, Value 0x080001E7
  Item #51, AP 0, Addr 0x20000230, Value 0x080001E7
  Item #52, AP 0, Addr 0x20000234, Value 0x080001E7
  Item #53, AP 0, Addr 0x20000238, Value 0x080001E7
  Item #54, AP 0, Addr 0x2000023C, Value 0x080001E7
  Item #55, AP 0, Addr 0x20000240, Value 0x080001E7
  Item #56, AP 0, Addr 0x20000244, Value 0x080001E7
  Item #57, AP 0, Addr 0x20000248, Value 0x080001E7
  Item #58, AP 0, Addr 0x2000024C, Value 0x080001E7
  Item #59, AP 0, Addr 0x20000250, Value 0x080001E7
  Item #60, AP 0, Addr 0x20000254, Value 0x080001E7
  Item #61, AP 0, Addr 0x20000258, Value 0x080001E7
  Item #62, AP 0, Addr 0x2000025C, Value 0x080001E7
  Item #63, AP 0, Addr 0x20000260, Value 0x080001E7
  Item #64, AP 0, Addr 0x20000264, Value 0x080001E7
  Item #65, AP 0, Addr 0x20000268, Value 0x080001E7
  Item #66, AP 0, Addr 0x2000026C, Value 0x080001E7
  Item #67, AP 0, Addr 0x20000270, Value 0x080001E7
  Item #68, AP 0, Addr 0x20000274, Value 0x08002139
  Item #69, AP 0, Addr 0x20000278, Value 0x080001E7
  Item #70, AP 0, Addr 0x2000027C, Value 0x080001E7
  Item #71, AP 0, Addr 0x20000280, Value 0x080001E7
  Item #72, AP 0, Addr 0x20000284, Value 0x080001E7
  Item #73, AP 0, Addr 0x20000288, Value 0x080001E7
  Item #74, AP 0, Addr 0x2000028C, Value 0x0800036D
  Item #75, AP 0, Addr 0x20000290, Value 0x080001E7
  Item #76, AP 0, Addr 0x20000294, Value 0xF802F000
  Item #77, AP 0, Addr 0x20000298, Value 0xF83AF000
  Item #78, AP 0, Addr 0x2000029C, Value 0xE890A00A
  Item #79, AP 0, Addr 0x200002A0, Value 0x44820C00
  Item #80, AP 0, Addr 0x200002A4, Value 0xF1AA4483
  Item #81, AP 0, Addr 0x200002A8, Value 0x45DA0701
  Item #82, AP 0, Addr 0x200002AC, Value 0xF000D101
  Item #83, AP 0, Addr 0x200002B0, Value 0xF2AFF82F
  Item #84, AP 0, Addr 0x200002B4, Value 0xE8BA0E09
  Item #85, AP 0, Addr 0x200002B8, Value 0xF013000F
  Item #86, AP 0, Addr 0x200002BC, Value 0xBF180F01
  Item #87, AP 0, Addr 0x200002C0, Value 0xF0431AFB
  Item #88, AP 0, Addr 0x200002C4, Value 0x47180301
  Item #89, AP 0, Addr 0x200002C8, Value 0x0000255C
  Item #90, AP 0, Addr 0x200002CC, Value 0x0000257C
  Item #91, AP 0, Addr 0x200002D0, Value 0xBF243A10
  Item #92, AP 0, Addr 0x200002D4, Value 0xC178C878
  Item #93, AP 0, Addr 0x200002D8, Value 0x0752D8FA
  Item #94, AP 0, Addr 0x200002DC, Value 0xC830BF24
  Item #95, AP 0, Addr 0x200002E0, Value 0xBF44C130
  Item #96, AP 0, Addr 0x200002E4, Value 0x600C6804
  Item #97, AP 0, Addr 0x200002E8, Value 0x00004770
  Item #98, AP 0, Addr 0x200002EC, Value 0x24002300
  Item #99, AP 0, Addr 0x200002F0, Value 0x26002500
  Item #100, AP 0, Addr 0x200002F4, Value 0xBF283A10
  Item #101, AP 0, Addr 0x200002F8, Value 0xD8FBC178
  Item #102, AP 0, Addr 0x200002FC, Value 0xBF280752
  Item #103, AP 0, Addr 0x20000300, Value 0xBF48C130
  Item #104, AP 0, Addr 0x20000304, Value 0x4770600B
  Item #105, AP 0, Addr 0x20000308, Value 0xBD1FB51F
  Item #106, AP 0, Addr 0x2000030C, Value 0xBD10B510
  Item #107, AP 0, Addr 0x20000310, Value 0xF877F000
  Item #108, AP 0, Addr 0x20000314, Value 0xF7FF4611
  Item #109, AP 0, Addr 0x20000318, Value 0xF002FFF7
  Item #110, AP 0, Addr 0x2000031C, Value 0xF000F9C9
  Item #111, AP 0, Addr 0x20000320, Value 0xB403F895
  Item #112, AP 0, Addr 0x20000324, Value 0xFFF2F7FF
  Item #113, AP 0, Addr 0x20000328, Value 0xF000BC03
  Item #114, AP 0, Addr 0x2000032C, Value 0x0000F89D
  Item #115, AP 0, Addr 0x20000330, Value 0x47804809
  Item #116, AP 0, Addr 0x20000334, Value 0x47004809
  Item #117, AP 0, Addr 0x20000338, Value 0xE7FEE7FE
  Item #118, AP 0, Addr 0x2000033C, Value 0xE7FEE7FE
  Item #119, AP 0, Addr 0x20000340, Value 0xE7FEE7FE
  Item #120, AP 0, Addr 0x20000344, Value 0xE7FEE7FE
  Item #121, AP 0, Addr 0x20000348, Value 0xE7FEE7FE
  Item #122, AP 0, Addr 0x2000034C, Value 0x49054804
  Item #123, AP 0, Addr 0x20000350, Value 0x4B064A05
  Item #124, AP 0, Addr 0x20000354, Value 0x00004770
  Item #125, AP 0, Addr 0x20000358, Value 0x08001EAB
  Item #126, AP 0, Addr 0x2000035C, Value 0x08000131
  Item #127, AP 0, Addr 0x20000360, Value 0x20000698
  Item #128, AP 0, Addr 0x20000364, Value 0x20000C98
  Item #129, AP 0, Addr 0x20000368, Value 0x20000898
  Item #130, AP 0, Addr 0x2000036C, Value 0x20000898
  Item #131, AP 0, Addr 0x20000370, Value 0x1C43B510
  Item #132, AP 0, Addr 0x20000374, Value 0xF810E002
  Item #133, AP 0, Addr 0x20000378, Value 0xB1711B01
  Item #134, AP 0, Addr 0x2000037C, Value 0xD1FA0781
  Item #135, AP 0, Addr 0x20000380, Value 0x3201F04F
  Item #136, AP 0, Addr 0x20000384, Value 0x1A8CC802
  Item #137, AP 0, Addr 0x20000388, Value 0xEA14438C
  Item #138, AP 0, Addr 0x2000038C, Value 0xD0F911C2
  Item #139, AP 0, Addr 0x20000390, Value 0x060A1AC0
  Item #140, AP 0, Addr 0x20000394, Value 0x1EC0D003
  Item #141, AP 0, Addr 0x20000398, Value 0x1AC0BD10
  Item #142, AP 0, Addr 0x2000039C, Value 0x040ABD10
  Item #143, AP 0, Addr 0x200003A0, Value 0x1E80D001
  Item #144, AP 0, Addr 0x200003A4, Value 0x0209BD10
  Item #145, AP 0, Addr 0x200003A8, Value 0x1E40D0FC
  Item #146, AP 0, Addr 0x200003AC, Value 0xF04FBD10
  Item #147, AP 0, Addr 0x200003B0, Value 0xB5000200
  Item #148, AP 0, Addr 0x200003B4, Value 0x46944613
  Item #149, AP 0, Addr 0x200003B8, Value 0x39204696
  Item #150, AP 0, Addr 0x200003BC, Value 0xE8A0BF22
  Item #151, AP 0, Addr 0x200003C0, Value 0xE8A0500C
  Item #152, AP 0, Addr 0x200003C4, Value 0xF1B1500C
  Item #153, AP 0, Addr 0x200003C8, Value 0xF4BF0120
  Item #154, AP 0, Addr 0x200003CC, Value 0x0709AFF7
  Item #155, AP 0, Addr 0x200003D0, Value 0xE8A0BF28
  Item #156, AP 0, Addr 0x200003D4, Value 0xBF48500C
  Item #157, AP 0, Addr 0x200003D8, Value 0xF85DC00C
  Item #158, AP 0, Addr 0x200003DC, Value 0x0089EB04
  Item #159, AP 0, Addr 0x200003E0, Value 0xF840BF28
  Item #160, AP 0, Addr 0x200003E4, Value 0xBF082B04
  Item #161, AP 0, Addr 0x200003E8, Value 0xBF484770
  Item #162, AP 0, Addr 0x200003EC, Value 0x2B02F820
  Item #163, AP 0, Addr 0x200003F0, Value 0x4F80F011
  Item #164, AP 0, Addr 0x200003F4, Value 0xF800BF18
  Item #165, AP 0, Addr 0x200003F8, Value 0x47702B01
  Item #166, AP 0, Addr 0x200003FC, Value 0x47704770
  Item #167, AP 0, Addr 0x20000400, Value 0x46754770
  Item #168, AP 0, Addr 0x20000404, Value 0xF82CF000
  Item #169, AP 0, Addr 0x20000408, Value 0x000546AE
  Item #170, AP 0, Addr 0x2000040C, Value 0x46534669
  Item #171, AP 0, Addr 0x20000410, Value 0x0007F020
  Item #172, AP 0, Addr 0x20000414, Value 0xB0184685
  Item #173, AP 0, Addr 0x20000418, Value 0xF7FFB520
  Item #174, AP 0, Addr 0x2000041C, Value 0xE8BDFF97
  Item #175, AP 0, Addr 0x20000420, Value 0xF04F4020
  Item #176, AP 0, Addr 0x20000424, Value 0xF04F0600
  Item #177, AP 0, Addr 0x20000428, Value 0xF04F0700
  Item #178, AP 0, Addr 0x2000042C, Value 0xF04F0800
  Item #179, AP 0, Addr 0x20000430, Value 0xF0210B00
  Item #180, AP 0, Addr 0x20000434, Value 0x46AC0107
  Item #181, AP 0, Addr 0x20000438, Value 0x09C0E8AC
  Item #182, AP 0, Addr 0x2000043C, Value 0x09C0E8AC
  Item #183, AP 0, Addr 0x20000440, Value 0x09C0E8AC
  Item #184, AP 0, Addr 0x20000444, Value 0x09C0E8AC
  Item #185, AP 0, Addr 0x20000448, Value 0x4770468D
  Item #186, AP 0, Addr 0x2000044C, Value 0x4604B510
  Item #187, AP 0, Addr 0x20000450, Value 0x8000F3AF
  Item #188, AP 0, Addr 0x20000454, Value 0xE8BD4620
  Item #189, AP 0, Addr 0x20000458, Value 0xF7FF4010
  Item #190, AP 0, Addr 0x2000045C, Value 0x0000BF62
  Item #191, AP 0, Addr 0x20000460, Value 0x47704800
  Item #192, AP 0, Addr 0x20000464, Value 0x20000634
  Item #193, AP 0, Addr 0x20000468, Value 0x20184901
  Item #194, AP 0, Addr 0x2000046C, Value 0xE7FEBEAB
  Item #195, AP 0, Addr 0x20000470, Value 0x00020026
  Item #196, AP 0, Addr 0x20000474, Value 0x00004770
  Item #197, AP 0, Addr 0x20000478, Value 0x4604B570
  Item #198, AP 0, Addr 0x2000047C, Value 0x68816800
  Item #199, AP 0, Addr 0x20000480, Value 0x07C943C9
  Item #200, AP 0, Addr 0x20000484, Value 0x6881D117
  Item #201, AP 0, Addr 0x20000488, Value 0x0101F021
  Item #202, AP 0, Addr 0x2000048C, Value 0xF0006081
  Item #203, AP 0, Addr 0x20000490, Value 0x4605FCC9
  Item #204, AP 0, Addr 0x20000494, Value 0xBF00E00A
  Item #205, AP 0, Addr 0x20000498, Value 0xFCC4F000
  Item #206, AP 0, Addr 0x2000049C, Value 0x28021B40
  Item #207, AP 0, Addr 0x200004A0, Value 0x6820D904
  Item #208, AP 0, Addr 0x200004A4, Value 0x43C06880
  Item #209, AP 0, Addr 0x200004A8, Value 0xD00607C0
  Item #210, AP 0, Addr 0x200004AC, Value 0x68806820
  Item #211, AP 0, Addr 0x200004B0, Value 0x07C043C0
  Item #212, AP 0, Addr 0x200004B4, Value 0x2000D0F0
  Item #213, AP 0, Addr 0x200004B8, Value 0x6AA0BD70
  Item #214, AP 0, Addr 0x200004BC, Value 0x0010F040
  Item #215, AP 0, Addr 0x200004C0, Value 0x6AE062A0
  Item #216, AP 0, Addr 0x200004C4, Value 0x0001F040
  Item #217, AP 0, Addr 0x200004C8, Value 0x200162E0
  Item #218, AP 0, Addr 0x200004CC, Value 0xE7FEBD70
  Item #219, AP 0, Addr 0x200004D0, Value 0xF0004801
  Item #220, AP 0, Addr 0x200004D4, Value 0x0000BA11
  Item #221, AP 0, Addr 0x200004D8, Value 0x200005F0
  Item #222, AP 0, Addr 0x200004DC, Value 0xF890B530
  Item #223, AP 0, Addr 0x200004E0, Value 0x24015040
  Item #224, AP 0, Addr 0x200004E4, Value 0x6BC540AC
  Item #225, AP 0, Addr 0x200004E8, Value 0x6804606C
  Item #226, AP 0, Addr 0x200004EC, Value 0x68436063
  Item #227, AP 0, Addr 0x200004F0, Value 0x68032B10
  Item #228, AP 0, Addr 0x200004F4, Value 0x6099D003
  Item #229, AP 0, Addr 0x200004F8, Value 0x60C26800
  Item #230, AP 0, Addr 0x200004FC, Value 0x609ABD30
  Item #231, AP 0, Addr 0x20000500, Value 0x60C16800
  Item #232, AP 0, Addr 0x20000504, Value 0x4770BD30
  Item #233, AP 0, Addr 0x20000508, Value 0xE7FEB672
  Item #234, AP 0, Addr 0x2000050C, Value 0x2400B5F8
  Item #235, AP 0, Addr 0x20000510, Value 0xF8909400
  Item #236, AP 0, Addr 0x20000514, Value 0x46252024
  Item #237, AP 0, Addr 0x20000518, Value 0xD0122A01
  Item #238, AP 0, Addr 0x2000051C, Value 0xF8802201
  Item #239, AP 0, Addr 0x20000520, Value 0x684A2024
  Item #240, AP 0, Addr 0x20000524, Value 0x2A07231F
  Item #241, AP 0, Addr 0x20000528, Value 0x6806D20D
  Item #242, AP 0, Addr 0x2000052C, Value 0x1E526B77
  Item #243, AP 0, Addr 0x20000530, Value 0x0282EB02
  Item #244, AP 0, Addr 0x20000534, Value 0x439F4093
  Item #245, AP 0, Addr 0x20000538, Value 0x4093680B
  Item #246, AP 0, Addr 0x2000053C, Value 0x6377431F
  Item #247, AP 0, Addr 0x20000540, Value 0x2002E019
  Item #248, AP 0, Addr 0x20000544, Value 0x6806BDF8
  Item #249, AP 0, Addr 0x20000548, Value 0xD20A2A0D
  Item #250, AP 0, Addr 0x2000054C, Value 0x1FD26B37
  Item #251, AP 0, Addr 0x20000550, Value 0x0282EB02
  Item #252, AP 0, Addr 0x20000554, Value 0x439F4093
  Item #253, AP 0, Addr 0x20000558, Value 0x4093680B
  Item #254, AP 0, Addr 0x2000055C, Value 0x6337431F
  Item #255, AP 0, Addr 0x20000560, Value 0x6AF7E009
20:58:54:544 (23/10/2024) - READ  MEM Access, AP 0x00000000, Addr 0xE000EDF0, Val 0x01030003, "DAP Read Memory (32 bit) - Success" - ID 399
20:58:54:562 (23/10/2024) - READ  MEM Access, AP 0x00000000, Addr 0xE000EDF0, Val 0x01030003, "DAP Read Memory (32 bit) - Success" - ID 400
20:58:55:162 (23/10/2024) - READ  MEM Access, AP 0x00000000, Addr 0xE000EDF0, Val 0x00030003, "DAP Read Memory (32 bit) - Success" - ID 401
20:58:55:417 (23/10/2024) - READ  MEM Access, AP 0x00000000, Addr 0xE000EDF0, Val 0x00030003, "DAP Read Memory (32 bit) - Success" - ID 402
20:58:55:673 (23/10/2024) - READ  MEM Access, AP 0x00000000, Addr 0xE000EDF0, Val 0x00030003, "DAP Read Memory (32 bit) - Success" - ID 403
20:58:55:930 (23/10/2024) - READ  MEM Access, AP 0x00000000, Addr 0xE000EDF0, Val 0x00030003, "DAP Read Memory (32 bit) - Success" - ID 404
20:58:56:002 (23/10/2024) - WRITE MEM BLOCK Access, AP 0x00000000, Start Addr 0xE0002000, End Addr 0xE000201F, "DAP Write Memory Block - Success" - ID 405
  Item #0, AP 0, Addr 0xE0002000, Value 0x00000002
  Item #1, AP 0, Addr 0xE0002004, Value 0x00000000
  Item #2, AP 0, Addr 0xE0002008, Value 0x00000000
  Item #3, AP 0, Addr 0xE000200C, Value 0x00000000
  Item #4, AP 0, Addr 0xE0002010, Value 0x00000000
  Item #5, AP 0, Addr 0xE0002014, Value 0x00000000
  Item #6, AP 0, Addr 0xE0002018, Value 0x00000000
  Item #7, AP 0, Addr 0xE000201C, Value 0x00000000
20:58:56:003 (23/10/2024) - WRITE DP  Access, Addr 0x00000004, Val 0x00000000, "DAP Write DP - Success" - ID 406
